2021-04-29 07:56:39.633  WARN 9268 --- [HikariPool-3 housekeeper] com.zaxxer.hikari.pool.HikariPool        : HikariPool-3 - Thread starvation or clock leap detected (housekeeper delta=8h54m47s1ms248µs).
2021-04-29 08:35:43.963  WARN 9268 --- [HikariPool-3 housekeeper] com.zaxxer.hikari.pool.HikariPool        : HikariPool-3 - Thread starvation or clock leap detected (housekeeper delta=18m4s13ms59µs900ns).
2021-04-29 11:00:55.203  WARN 9268 --- [HikariPool-3 housekeeper] com.zaxxer.hikari.pool.HikariPool        : HikariPool-3 - Thread starvation or clock leap detected (housekeeper delta=34m39s424ms129µs100ns).
2021-04-29 11:07:24.197  WARN 9268 --- [HikariPool-3 housekeeper] com.zaxxer.hikari.pool.HikariPool        : HikariPool-3 - Thread starvation or clock leap detected (housekeeper delta=4m28s966ms750µs600ns).
2021-04-29 11:20:57.338  WARN 9268 --- [HikariPool-3 housekeeper] com.zaxxer.hikari.pool.HikariPool        : HikariPool-3 - Thread starvation or clock leap detected (housekeeper delta=5m33s1ms967µs).
2021-04-29 11:44:16.897  WARN 9268 --- [HikariPool-3 housekeeper] com.zaxxer.hikari.pool.HikariPool        : HikariPool-3 - Thread starvation or clock leap detected (housekeeper delta=22m19s556ms984µs200ns).
2021-04-29 11:52:31.629  WARN 9268 --- [HikariPool-3 housekeeper] com.zaxxer.hikari.pool.HikariPool        : HikariPool-3 - Thread starvation or clock leap detected (housekeeper delta=2m44s676ms993µs400ns).
2021-04-29 11:56:23.348  INFO 9040 --- [restartedMain] com.yc.MybankApplication                 : Starting MybankApplication using Java 1.8.0_221 on LAPTOP-DJA05F95 with PID 9040 (D:\三期\新三期\0404\springboot\mybank\target\classes started by hp in D:\三期\新三期\0404\springboot)
2021-04-29 11:56:23.353  INFO 9040 --- [restartedMain] com.yc.MybankApplication                 : No active profile set, falling back to default profiles: default
2021-04-29 11:56:27.584  INFO 9040 --- [restartedMain] com.yc.MybankApplication                 : Started MybankApplication in 4.842 seconds (JVM running for 6.994)
2021-04-29 11:57:16.763  WARN 9040 --- [HikariPool-1 housekeeper] com.zaxxer.hikari.pool.HikariPool        : HikariPool-1 - Thread starvation or clock leap detected (housekeeper delta=49s436ms467µs400ns).
2021-04-29 11:57:31.512  INFO 4480 --- [restartedMain] com.yc.MybankApplication                 : Starting MybankApplication using Java 1.8.0_221 on LAPTOP-DJA05F95 with PID 4480 (D:\三期\新三期\0404\springboot\mybank\target\classes started by hp in D:\三期\新三期\0404\springboot)
2021-04-29 11:57:31.517  INFO 4480 --- [restartedMain] com.yc.MybankApplication                 : No active profile set, falling back to default profiles: default
2021-04-29 11:57:37.170  INFO 4480 --- [restartedMain] com.yc.MybankApplication                 : Started MybankApplication in 6.512 seconds (JVM running for 9.403)
2021-04-29 12:50:54.970  WARN 4480 --- [HikariPool-1 housekeeper] com.zaxxer.hikari.pool.HikariPool        : HikariPool-1 - Thread starvation or clock leap detected (housekeeper delta=35m48s17ms678µs200ns).
2021-04-29 16:12:49.017  INFO 17032 --- [restartedMain] com.yc.MybankApplication                 : Starting MybankApplication using Java 1.8.0_221 on LAPTOP-DJA05F95 with PID 17032 (D:\三期\新三期\0404\springboot\mybank\target\classes started by hp in D:\三期\新三期\0404\springboot)
2021-04-29 16:12:49.021  INFO 17032 --- [restartedMain] com.yc.MybankApplication                 : No active profile set, falling back to default profiles: default
2021-04-29 16:12:53.537  INFO 17032 --- [restartedMain] com.yc.MybankApplication                 : Started MybankApplication in 5.134 seconds (JVM running for 7.062)
2021-04-29 16:16:24.715  INFO 17032 --- [restartedMain] com.yc.MybankApplication                 : Starting MybankApplication using Java 1.8.0_221 on LAPTOP-DJA05F95 with PID 17032 (D:\三期\新三期\0404\springboot\mybank\target\classes started by hp in D:\三期\新三期\0404\springboot)
2021-04-29 16:16:24.716  INFO 17032 --- [restartedMain] com.yc.MybankApplication                 : No active profile set, falling back to default profiles: default
2021-04-29 16:16:26.227  INFO 17032 --- [restartedMain] com.yc.MybankApplication                 : Started MybankApplication in 1.59 seconds (JVM running for 219.751)
2021-04-29 16:16:28.845  INFO 17032 --- [restartedMain] com.yc.MybankApplication                 : Starting MybankApplication using Java 1.8.0_221 on LAPTOP-DJA05F95 with PID 17032 (D:\三期\新三期\0404\springboot\mybank\target\classes started by hp in D:\三期\新三期\0404\springboot)
2021-04-29 16:16:28.846  INFO 17032 --- [restartedMain] com.yc.MybankApplication                 : No active profile set, falling back to default profiles: default
2021-04-29 16:16:30.021  INFO 17032 --- [restartedMain] com.yc.MybankApplication                 : Started MybankApplication in 1.219 seconds (JVM running for 223.545)
2021-04-29 16:20:25.979  INFO 17032 --- [restartedMain] com.yc.MybankApplication                 : Starting MybankApplication using Java 1.8.0_221 on LAPTOP-DJA05F95 with PID 17032 (D:\三期\新三期\0404\springboot\mybank\target\classes started by hp in D:\三期\新三期\0404\springboot)
2021-04-29 16:20:25.979  INFO 17032 --- [restartedMain] com.yc.MybankApplication                 : No active profile set, falling back to default profiles: default
2021-04-29 16:20:26.714  INFO 17032 --- [restartedMain] com.yc.MybankApplication                 : Started MybankApplication in 0.767 seconds (JVM running for 460.238)
2021-04-29 16:20:29.142  INFO 17032 --- [restartedMain] com.yc.MybankApplication                 : Starting MybankApplication using Java 1.8.0_221 on LAPTOP-DJA05F95 with PID 17032 (D:\三期\新三期\0404\springboot\mybank\target\classes started by hp in D:\三期\新三期\0404\springboot)
2021-04-29 16:20:29.143  INFO 17032 --- [restartedMain] com.yc.MybankApplication                 : No active profile set, falling back to default profiles: default
2021-04-29 16:20:29.699  INFO 17032 --- [restartedMain] com.yc.MybankApplication                 : Started MybankApplication in 0.581 seconds (JVM running for 463.223)
2021-04-29 16:21:02.866  INFO 9592 --- [restartedMain] com.yc.MybankApplication                 : Starting MybankApplication using Java 1.8.0_221 on LAPTOP-DJA05F95 with PID 9592 (D:\三期\新三期\0404\springboot\mybank\target\classes started by hp in D:\三期\新三期\0404\springboot)
2021-04-29 16:21:02.872  INFO 9592 --- [restartedMain] com.yc.MybankApplication                 : No active profile set, falling back to default profiles: default
2021-04-29 16:21:07.451  INFO 9592 --- [restartedMain] com.yc.MybankApplication                 : Started MybankApplication in 5.182 seconds (JVM running for 6.923)
2021-04-29 16:21:33.921  INFO 9592 --- [restartedMain] com.yc.MybankApplication                 : Starting MybankApplication using Java 1.8.0_221 on LAPTOP-DJA05F95 with PID 9592 (D:\三期\新三期\0404\springboot\mybank\target\classes started by hp in D:\三期\新三期\0404\springboot)
2021-04-29 16:21:33.922  INFO 9592 --- [restartedMain] com.yc.MybankApplication                 : No active profile set, falling back to default profiles: default
2021-04-29 16:21:34.904  INFO 9592 --- [restartedMain] com.yc.MybankApplication                 : Started MybankApplication in 1.02 seconds (JVM running for 34.376)
2021-04-29 16:21:37.577  INFO 9592 --- [restartedMain] com.yc.MybankApplication                 : Starting MybankApplication using Java 1.8.0_221 on LAPTOP-DJA05F95 with PID 9592 (D:\三期\新三期\0404\springboot\mybank\target\classes started by hp in D:\三期\新三期\0404\springboot)
2021-04-29 16:21:37.577  INFO 9592 --- [restartedMain] com.yc.MybankApplication                 : No active profile set, falling back to default profiles: default
2021-04-29 16:21:38.273  INFO 9592 --- [restartedMain] com.yc.MybankApplication                 : Started MybankApplication in 0.743 seconds (JVM running for 37.745)
2021-04-29 16:22:16.557  INFO 9592 --- [restartedMain] com.yc.MybankApplication                 : Starting MybankApplication using Java 1.8.0_221 on LAPTOP-DJA05F95 with PID 9592 (D:\三期\新三期\0404\springboot\mybank\target\classes started by hp in D:\三期\新三期\0404\springboot)
2021-04-29 16:22:16.558  INFO 9592 --- [restartedMain] com.yc.MybankApplication                 : No active profile set, falling back to default profiles: default
2021-04-29 16:22:17.423  INFO 9592 --- [restartedMain] com.yc.MybankApplication                 : Started MybankApplication in 0.899 seconds (JVM running for 76.894)
2021-04-29 16:22:20.173  INFO 9592 --- [restartedMain] com.yc.MybankApplication                 : Starting MybankApplication using Java 1.8.0_221 on LAPTOP-DJA05F95 with PID 9592 (D:\三期\新三期\0404\springboot\mybank\target\classes started by hp in D:\三期\新三期\0404\springboot)
2021-04-29 16:22:20.174  INFO 9592 --- [restartedMain] com.yc.MybankApplication                 : No active profile set, falling back to default profiles: default
2021-04-29 16:22:21.238  INFO 9592 --- [restartedMain] com.yc.MybankApplication                 : Started MybankApplication in 1.144 seconds (JVM running for 80.711)
2021-04-29 16:22:23.638 ERROR 9592 --- [http-nio-80-exec-5] o.a.c.c.C.[.[.[.[dispatcherServlet]      : Servlet.service() for servlet [dispatcherServlet] in context with path [/mybank] threw exception [Circular view path [query]: would dispatch back to the current handler URL [/mybank/query] again. Check your ViewResolver setup! (Hint: This may be the result of an unspecified view, due to default view name generation.)] with root cause

javax.servlet.ServletException: Circular view path [query]: would dispatch back to the current handler URL [/mybank/query] again. Check your ViewResolver setup! (Hint: This may be the result of an unspecified view, due to default view name generation.)
	at org.springframework.web.servlet.view.InternalResourceView.prepareForRendering(InternalResourceView.java:210) ~[spring-webmvc-5.3.6.jar:5.3.6]
	at org.springframework.web.servlet.view.InternalResourceView.renderMergedOutputModel(InternalResourceView.java:148) ~[spring-webmvc-5.3.6.jar:5.3.6]
	at org.springframework.web.servlet.view.AbstractView.render(AbstractView.java:316) ~[spring-webmvc-5.3.6.jar:5.3.6]
	at org.springframework.web.servlet.DispatcherServlet.render(DispatcherServlet.java:1393) ~[spring-webmvc-5.3.6.jar:5.3.6]
	at org.springframework.web.servlet.DispatcherServlet.processDispatchResult(DispatcherServlet.java:1138) ~[spring-webmvc-5.3.6.jar:5.3.6]
	at org.springframework.web.servlet.DispatcherServlet.doDispatch(DispatcherServlet.java:1077) ~[spring-webmvc-5.3.6.jar:5.3.6]
	at org.springframework.web.servlet.DispatcherServlet.doService(DispatcherServlet.java:962) ~[spring-webmvc-5.3.6.jar:5.3.6]
	at org.springframework.web.servlet.FrameworkServlet.processRequest(FrameworkServlet.java:1006) ~[spring-webmvc-5.3.6.jar:5.3.6]
	at org.springframework.web.servlet.FrameworkServlet.doPost(FrameworkServlet.java:909) ~[spring-webmvc-5.3.6.jar:5.3.6]
	at javax.servlet.http.HttpServlet.service(HttpServlet.java:652) ~[tomcat-embed-core-9.0.45.jar:4.0.FR]
	at org.springframework.web.servlet.FrameworkServlet.service(FrameworkServlet.java:883) ~[spring-webmvc-5.3.6.jar:5.3.6]
	at javax.servlet.http.HttpServlet.service(HttpServlet.java:733) ~[tomcat-embed-core-9.0.45.jar:4.0.FR]
	at org.apache.catalina.core.ApplicationFilterChain.internalDoFilter(ApplicationFilterChain.java:227) ~[tomcat-embed-core-9.0.45.jar:9.0.45]
	at org.apache.catalina.core.ApplicationFilterChain.doFilter(ApplicationFilterChain.java:162) ~[tomcat-embed-core-9.0.45.jar:9.0.45]
	at org.apache.tomcat.websocket.server.WsFilter.doFilter(WsFilter.java:53) ~[tomcat-embed-websocket-9.0.45.jar:9.0.45]
	at org.apache.catalina.core.ApplicationFilterChain.internalDoFilter(ApplicationFilterChain.java:189) ~[tomcat-embed-core-9.0.45.jar:9.0.45]
	at org.apache.catalina.core.ApplicationFilterChain.doFilter(ApplicationFilterChain.java:162) ~[tomcat-embed-core-9.0.45.jar:9.0.45]
	at org.springframework.web.filter.RequestContextFilter.doFilterInternal(RequestContextFilter.java:100) ~[spring-web-5.3.6.jar:5.3.6]
	at org.springframework.web.filter.OncePerRequestFilter.doFilter(OncePerRequestFilter.java:119) ~[spring-web-5.3.6.jar:5.3.6]
	at org.apache.catalina.core.ApplicationFilterChain.internalDoFilter(ApplicationFilterChain.java:189) ~[tomcat-embed-core-9.0.45.jar:9.0.45]
	at org.apache.catalina.core.ApplicationFilterChain.doFilter(ApplicationFilterChain.java:162) ~[tomcat-embed-core-9.0.45.jar:9.0.45]
	at org.springframework.web.filter.FormContentFilter.doFilterInternal(FormContentFilter.java:93) ~[spring-web-5.3.6.jar:5.3.6]
	at org.springframework.web.filter.OncePerRequestFilter.doFilter(OncePerRequestFilter.java:119) ~[spring-web-5.3.6.jar:5.3.6]
	at org.apache.catalina.core.ApplicationFilterChain.internalDoFilter(ApplicationFilterChain.java:189) ~[tomcat-embed-core-9.0.45.jar:9.0.45]
	at org.apache.catalina.core.ApplicationFilterChain.doFilter(ApplicationFilterChain.java:162) ~[tomcat-embed-core-9.0.45.jar:9.0.45]
	at org.springframework.web.filter.CharacterEncodingFilter.doFilterInternal(CharacterEncodingFilter.java:201) ~[spring-web-5.3.6.jar:5.3.6]
	at org.springframework.web.filter.OncePerRequestFilter.doFilter(OncePerRequestFilter.java:119) ~[spring-web-5.3.6.jar:5.3.6]
	at org.apache.catalina.core.ApplicationFilterChain.internalDoFilter(ApplicationFilterChain.java:189) ~[tomcat-embed-core-9.0.45.jar:9.0.45]
	at org.apache.catalina.core.ApplicationFilterChain.doFilter(ApplicationFilterChain.java:162) ~[tomcat-embed-core-9.0.45.jar:9.0.45]
	at org.apache.catalina.core.StandardWrapperValve.invoke(StandardWrapperValve.java:202) ~[tomcat-embed-core-9.0.45.jar:9.0.45]
	at org.apache.catalina.core.StandardContextValve.invoke(StandardContextValve.java:97) [tomcat-embed-core-9.0.45.jar:9.0.45]
	at org.apache.catalina.authenticator.AuthenticatorBase.invoke(AuthenticatorBase.java:542) [tomcat-embed-core-9.0.45.jar:9.0.45]
	at org.apache.catalina.core.StandardHostValve.invoke(StandardHostValve.java:143) [tomcat-embed-core-9.0.45.jar:9.0.45]
	at org.apache.catalina.valves.ErrorReportValve.invoke(ErrorReportValve.java:92) [tomcat-embed-core-9.0.45.jar:9.0.45]
	at org.apache.catalina.core.StandardEngineValve.invoke(StandardEngineValve.java:78) [tomcat-embed-core-9.0.45.jar:9.0.45]
	at org.apache.catalina.connector.CoyoteAdapter.service(CoyoteAdapter.java:357) [tomcat-embed-core-9.0.45.jar:9.0.45]
	at org.apache.coyote.http11.Http11Processor.service(Http11Processor.java:374) [tomcat-embed-core-9.0.45.jar:9.0.45]
	at org.apache.coyote.AbstractProcessorLight.process(AbstractProcessorLight.java:65) [tomcat-embed-core-9.0.45.jar:9.0.45]
	at org.apache.coyote.AbstractProtocol$ConnectionHandler.process(AbstractProtocol.java:893) [tomcat-embed-core-9.0.45.jar:9.0.45]
	at org.apache.tomcat.util.net.NioEndpoint$SocketProcessor.doRun(NioEndpoint.java:1707) [tomcat-embed-core-9.0.45.jar:9.0.45]
	at org.apache.tomcat.util.net.SocketProcessorBase.run(SocketProcessorBase.java:49) [tomcat-embed-core-9.0.45.jar:9.0.45]
	at java.util.concurrent.ThreadPoolExecutor.runWorker(ThreadPoolExecutor.java:1149) [na:1.8.0_221]
	at java.util.concurrent.ThreadPoolExecutor$Worker.run(ThreadPoolExecutor.java:624) [na:1.8.0_221]
	at org.apache.tomcat.util.threads.TaskThread$WrappingRunnable.run(TaskThread.java:61) [tomcat-embed-core-9.0.45.jar:9.0.45]
	at java.lang.Thread.run(Thread.java:748) [na:1.8.0_221]

2021-04-29 16:22:29.761 ERROR 9592 --- [http-nio-80-exec-6] o.a.c.c.C.[.[.[.[dispatcherServlet]      : Servlet.service() for servlet [dispatcherServlet] in context with path [/mybank] threw exception [Circular view path [query]: would dispatch back to the current handler URL [/mybank/query] again. Check your ViewResolver setup! (Hint: This may be the result of an unspecified view, due to default view name generation.)] with root cause

javax.servlet.ServletException: Circular view path [query]: would dispatch back to the current handler URL [/mybank/query] again. Check your ViewResolver setup! (Hint: This may be the result of an unspecified view, due to default view name generation.)
	at org.springframework.web.servlet.view.InternalResourceView.prepareForRendering(InternalResourceView.java:210) ~[spring-webmvc-5.3.6.jar:5.3.6]
	at org.springframework.web.servlet.view.InternalResourceView.renderMergedOutputModel(InternalResourceView.java:148) ~[spring-webmvc-5.3.6.jar:5.3.6]
	at org.springframework.web.servlet.view.AbstractView.render(AbstractView.java:316) ~[spring-webmvc-5.3.6.jar:5.3.6]
	at org.springframework.web.servlet.DispatcherServlet.render(DispatcherServlet.java:1393) ~[spring-webmvc-5.3.6.jar:5.3.6]
	at org.springframework.web.servlet.DispatcherServlet.processDispatchResult(DispatcherServlet.java:1138) ~[spring-webmvc-5.3.6.jar:5.3.6]
	at org.springframework.web.servlet.DispatcherServlet.doDispatch(DispatcherServlet.java:1077) ~[spring-webmvc-5.3.6.jar:5.3.6]
	at org.springframework.web.servlet.DispatcherServlet.doService(DispatcherServlet.java:962) ~[spring-webmvc-5.3.6.jar:5.3.6]
	at org.springframework.web.servlet.FrameworkServlet.processRequest(FrameworkServlet.java:1006) ~[spring-webmvc-5.3.6.jar:5.3.6]
	at org.springframework.web.servlet.FrameworkServlet.doPost(FrameworkServlet.java:909) ~[spring-webmvc-5.3.6.jar:5.3.6]
	at javax.servlet.http.HttpServlet.service(HttpServlet.java:652) ~[tomcat-embed-core-9.0.45.jar:4.0.FR]
	at org.springframework.web.servlet.FrameworkServlet.service(FrameworkServlet.java:883) ~[spring-webmvc-5.3.6.jar:5.3.6]
	at javax.servlet.http.HttpServlet.service(HttpServlet.java:733) ~[tomcat-embed-core-9.0.45.jar:4.0.FR]
	at org.apache.catalina.core.ApplicationFilterChain.internalDoFilter(ApplicationFilterChain.java:227) ~[tomcat-embed-core-9.0.45.jar:9.0.45]
	at org.apache.catalina.core.ApplicationFilterChain.doFilter(ApplicationFilterChain.java:162) ~[tomcat-embed-core-9.0.45.jar:9.0.45]
	at org.apache.tomcat.websocket.server.WsFilter.doFilter(WsFilter.java:53) ~[tomcat-embed-websocket-9.0.45.jar:9.0.45]
	at org.apache.catalina.core.ApplicationFilterChain.internalDoFilter(ApplicationFilterChain.java:189) ~[tomcat-embed-core-9.0.45.jar:9.0.45]
	at org.apache.catalina.core.ApplicationFilterChain.doFilter(ApplicationFilterChain.java:162) ~[tomcat-embed-core-9.0.45.jar:9.0.45]
	at org.springframework.web.filter.RequestContextFilter.doFilterInternal(RequestContextFilter.java:100) ~[spring-web-5.3.6.jar:5.3.6]
	at org.springframework.web.filter.OncePerRequestFilter.doFilter(OncePerRequestFilter.java:119) ~[spring-web-5.3.6.jar:5.3.6]
	at org.apache.catalina.core.ApplicationFilterChain.internalDoFilter(ApplicationFilterChain.java:189) ~[tomcat-embed-core-9.0.45.jar:9.0.45]
	at org.apache.catalina.core.ApplicationFilterChain.doFilter(ApplicationFilterChain.java:162) ~[tomcat-embed-core-9.0.45.jar:9.0.45]
	at org.springframework.web.filter.FormContentFilter.doFilterInternal(FormContentFilter.java:93) ~[spring-web-5.3.6.jar:5.3.6]
	at org.springframework.web.filter.OncePerRequestFilter.doFilter(OncePerRequestFilter.java:119) ~[spring-web-5.3.6.jar:5.3.6]
	at org.apache.catalina.core.ApplicationFilterChain.internalDoFilter(ApplicationFilterChain.java:189) ~[tomcat-embed-core-9.0.45.jar:9.0.45]
	at org.apache.catalina.core.ApplicationFilterChain.doFilter(ApplicationFilterChain.java:162) ~[tomcat-embed-core-9.0.45.jar:9.0.45]
	at org.springframework.web.filter.CharacterEncodingFilter.doFilterInternal(CharacterEncodingFilter.java:201) ~[spring-web-5.3.6.jar:5.3.6]
	at org.springframework.web.filter.OncePerRequestFilter.doFilter(OncePerRequestFilter.java:119) ~[spring-web-5.3.6.jar:5.3.6]
	at org.apache.catalina.core.ApplicationFilterChain.internalDoFilter(ApplicationFilterChain.java:189) ~[tomcat-embed-core-9.0.45.jar:9.0.45]
	at org.apache.catalina.core.ApplicationFilterChain.doFilter(ApplicationFilterChain.java:162) ~[tomcat-embed-core-9.0.45.jar:9.0.45]
	at org.apache.catalina.core.StandardWrapperValve.invoke(StandardWrapperValve.java:202) ~[tomcat-embed-core-9.0.45.jar:9.0.45]
	at org.apache.catalina.core.StandardContextValve.invoke(StandardContextValve.java:97) [tomcat-embed-core-9.0.45.jar:9.0.45]
	at org.apache.catalina.authenticator.AuthenticatorBase.invoke(AuthenticatorBase.java:542) [tomcat-embed-core-9.0.45.jar:9.0.45]
	at org.apache.catalina.core.StandardHostValve.invoke(StandardHostValve.java:143) [tomcat-embed-core-9.0.45.jar:9.0.45]
	at org.apache.catalina.valves.ErrorReportValve.invoke(ErrorReportValve.java:92) [tomcat-embed-core-9.0.45.jar:9.0.45]
	at org.apache.catalina.core.StandardEngineValve.invoke(StandardEngineValve.java:78) [tomcat-embed-core-9.0.45.jar:9.0.45]
	at org.apache.catalina.connector.CoyoteAdapter.service(CoyoteAdapter.java:357) [tomcat-embed-core-9.0.45.jar:9.0.45]
	at org.apache.coyote.http11.Http11Processor.service(Http11Processor.java:374) [tomcat-embed-core-9.0.45.jar:9.0.45]
	at org.apache.coyote.AbstractProcessorLight.process(AbstractProcessorLight.java:65) [tomcat-embed-core-9.0.45.jar:9.0.45]
	at org.apache.coyote.AbstractProtocol$ConnectionHandler.process(AbstractProtocol.java:893) [tomcat-embed-core-9.0.45.jar:9.0.45]
	at org.apache.tomcat.util.net.NioEndpoint$SocketProcessor.doRun(NioEndpoint.java:1707) [tomcat-embed-core-9.0.45.jar:9.0.45]
	at org.apache.tomcat.util.net.SocketProcessorBase.run(SocketProcessorBase.java:49) [tomcat-embed-core-9.0.45.jar:9.0.45]
	at java.util.concurrent.ThreadPoolExecutor.runWorker(ThreadPoolExecutor.java:1149) [na:1.8.0_221]
	at java.util.concurrent.ThreadPoolExecutor$Worker.run(ThreadPoolExecutor.java:624) [na:1.8.0_221]
	at org.apache.tomcat.util.threads.TaskThread$WrappingRunnable.run(TaskThread.java:61) [tomcat-embed-core-9.0.45.jar:9.0.45]
	at java.lang.Thread.run(Thread.java:748) [na:1.8.0_221]

2021-04-29 16:22:31.312 ERROR 9592 --- [http-nio-80-exec-7] o.a.c.c.C.[.[.[.[dispatcherServlet]      : Servlet.service() for servlet [dispatcherServlet] in context with path [/mybank] threw exception [Circular view path [query]: would dispatch back to the current handler URL [/mybank/query] again. Check your ViewResolver setup! (Hint: This may be the result of an unspecified view, due to default view name generation.)] with root cause

javax.servlet.ServletException: Circular view path [query]: would dispatch back to the current handler URL [/mybank/query] again. Check your ViewResolver setup! (Hint: This may be the result of an unspecified view, due to default view name generation.)
	at org.springframework.web.servlet.view.InternalResourceView.prepareForRendering(InternalResourceView.java:210) ~[spring-webmvc-5.3.6.jar:5.3.6]
	at org.springframework.web.servlet.view.InternalResourceView.renderMergedOutputModel(InternalResourceView.java:148) ~[spring-webmvc-5.3.6.jar:5.3.6]
	at org.springframework.web.servlet.view.AbstractView.render(AbstractView.java:316) ~[spring-webmvc-5.3.6.jar:5.3.6]
	at org.springframework.web.servlet.DispatcherServlet.render(DispatcherServlet.java:1393) ~[spring-webmvc-5.3.6.jar:5.3.6]
	at org.springframework.web.servlet.DispatcherServlet.processDispatchResult(DispatcherServlet.java:1138) ~[spring-webmvc-5.3.6.jar:5.3.6]
	at org.springframework.web.servlet.DispatcherServlet.doDispatch(DispatcherServlet.java:1077) ~[spring-webmvc-5.3.6.jar:5.3.6]
	at org.springframework.web.servlet.DispatcherServlet.doService(DispatcherServlet.java:962) ~[spring-webmvc-5.3.6.jar:5.3.6]
	at org.springframework.web.servlet.FrameworkServlet.processRequest(FrameworkServlet.java:1006) ~[spring-webmvc-5.3.6.jar:5.3.6]
	at org.springframework.web.servlet.FrameworkServlet.doPost(FrameworkServlet.java:909) ~[spring-webmvc-5.3.6.jar:5.3.6]
	at javax.servlet.http.HttpServlet.service(HttpServlet.java:652) ~[tomcat-embed-core-9.0.45.jar:4.0.FR]
	at org.springframework.web.servlet.FrameworkServlet.service(FrameworkServlet.java:883) ~[spring-webmvc-5.3.6.jar:5.3.6]
	at javax.servlet.http.HttpServlet.service(HttpServlet.java:733) ~[tomcat-embed-core-9.0.45.jar:4.0.FR]
	at org.apache.catalina.core.ApplicationFilterChain.internalDoFilter(ApplicationFilterChain.java:227) ~[tomcat-embed-core-9.0.45.jar:9.0.45]
	at org.apache.catalina.core.ApplicationFilterChain.doFilter(ApplicationFilterChain.java:162) ~[tomcat-embed-core-9.0.45.jar:9.0.45]
	at org.apache.tomcat.websocket.server.WsFilter.doFilter(WsFilter.java:53) ~[tomcat-embed-websocket-9.0.45.jar:9.0.45]
	at org.apache.catalina.core.ApplicationFilterChain.internalDoFilter(ApplicationFilterChain.java:189) ~[tomcat-embed-core-9.0.45.jar:9.0.45]
	at org.apache.catalina.core.ApplicationFilterChain.doFilter(ApplicationFilterChain.java:162) ~[tomcat-embed-core-9.0.45.jar:9.0.45]
	at org.springframework.web.filter.RequestContextFilter.doFilterInternal(RequestContextFilter.java:100) ~[spring-web-5.3.6.jar:5.3.6]
	at org.springframework.web.filter.OncePerRequestFilter.doFilter(OncePerRequestFilter.java:119) ~[spring-web-5.3.6.jar:5.3.6]
	at org.apache.catalina.core.ApplicationFilterChain.internalDoFilter(ApplicationFilterChain.java:189) ~[tomcat-embed-core-9.0.45.jar:9.0.45]
	at org.apache.catalina.core.ApplicationFilterChain.doFilter(ApplicationFilterChain.java:162) ~[tomcat-embed-core-9.0.45.jar:9.0.45]
	at org.springframework.web.filter.FormContentFilter.doFilterInternal(FormContentFilter.java:93) ~[spring-web-5.3.6.jar:5.3.6]
	at org.springframework.web.filter.OncePerRequestFilter.doFilter(OncePerRequestFilter.java:119) ~[spring-web-5.3.6.jar:5.3.6]
	at org.apache.catalina.core.ApplicationFilterChain.internalDoFilter(ApplicationFilterChain.java:189) ~[tomcat-embed-core-9.0.45.jar:9.0.45]
	at org.apache.catalina.core.ApplicationFilterChain.doFilter(ApplicationFilterChain.java:162) ~[tomcat-embed-core-9.0.45.jar:9.0.45]
	at org.springframework.web.filter.CharacterEncodingFilter.doFilterInternal(CharacterEncodingFilter.java:201) ~[spring-web-5.3.6.jar:5.3.6]
	at org.springframework.web.filter.OncePerRequestFilter.doFilter(OncePerRequestFilter.java:119) ~[spring-web-5.3.6.jar:5.3.6]
	at org.apache.catalina.core.ApplicationFilterChain.internalDoFilter(ApplicationFilterChain.java:189) ~[tomcat-embed-core-9.0.45.jar:9.0.45]
	at org.apache.catalina.core.ApplicationFilterChain.doFilter(ApplicationFilterChain.java:162) ~[tomcat-embed-core-9.0.45.jar:9.0.45]
	at org.apache.catalina.core.StandardWrapperValve.invoke(StandardWrapperValve.java:202) ~[tomcat-embed-core-9.0.45.jar:9.0.45]
	at org.apache.catalina.core.StandardContextValve.invoke(StandardContextValve.java:97) [tomcat-embed-core-9.0.45.jar:9.0.45]
	at org.apache.catalina.authenticator.AuthenticatorBase.invoke(AuthenticatorBase.java:542) [tomcat-embed-core-9.0.45.jar:9.0.45]
	at org.apache.catalina.core.StandardHostValve.invoke(StandardHostValve.java:143) [tomcat-embed-core-9.0.45.jar:9.0.45]
	at org.apache.catalina.valves.ErrorReportValve.invoke(ErrorReportValve.java:92) [tomcat-embed-core-9.0.45.jar:9.0.45]
	at org.apache.catalina.core.StandardEngineValve.invoke(StandardEngineValve.java:78) [tomcat-embed-core-9.0.45.jar:9.0.45]
	at org.apache.catalina.connector.CoyoteAdapter.service(CoyoteAdapter.java:357) [tomcat-embed-core-9.0.45.jar:9.0.45]
	at org.apache.coyote.http11.Http11Processor.service(Http11Processor.java:374) [tomcat-embed-core-9.0.45.jar:9.0.45]
	at org.apache.coyote.AbstractProcessorLight.process(AbstractProcessorLight.java:65) [tomcat-embed-core-9.0.45.jar:9.0.45]
	at org.apache.coyote.AbstractProtocol$ConnectionHandler.process(AbstractProtocol.java:893) [tomcat-embed-core-9.0.45.jar:9.0.45]
	at org.apache.tomcat.util.net.NioEndpoint$SocketProcessor.doRun(NioEndpoint.java:1707) [tomcat-embed-core-9.0.45.jar:9.0.45]
	at org.apache.tomcat.util.net.SocketProcessorBase.run(SocketProcessorBase.java:49) [tomcat-embed-core-9.0.45.jar:9.0.45]
	at java.util.concurrent.ThreadPoolExecutor.runWorker(ThreadPoolExecutor.java:1149) [na:1.8.0_221]
	at java.util.concurrent.ThreadPoolExecutor$Worker.run(ThreadPoolExecutor.java:624) [na:1.8.0_221]
	at org.apache.tomcat.util.threads.TaskThread$WrappingRunnable.run(TaskThread.java:61) [tomcat-embed-core-9.0.45.jar:9.0.45]
	at java.lang.Thread.run(Thread.java:748) [na:1.8.0_221]

2021-04-29 16:22:58.827  INFO 16296 --- [restartedMain] com.yc.MybankApplication                 : Starting MybankApplication using Java 1.8.0_221 on LAPTOP-DJA05F95 with PID 16296 (D:\三期\新三期\0404\springboot\mybank\target\classes started by hp in D:\三期\新三期\0404\springboot)
2021-04-29 16:22:58.830  INFO 16296 --- [restartedMain] com.yc.MybankApplication                 : No active profile set, falling back to default profiles: default
2021-04-29 16:23:02.865  INFO 16296 --- [restartedMain] com.yc.MybankApplication                 : Started MybankApplication in 4.618 seconds (JVM running for 6.633)
2021-04-29 16:23:08.820 ERROR 16296 --- [http-nio-80-exec-1] o.a.c.c.C.[.[.[.[dispatcherServlet]      : Servlet.service() for servlet [dispatcherServlet] in context with path [/mybank] threw exception [Circular view path [query]: would dispatch back to the current handler URL [/mybank/query] again. Check your ViewResolver setup! (Hint: This may be the result of an unspecified view, due to default view name generation.)] with root cause

javax.servlet.ServletException: Circular view path [query]: would dispatch back to the current handler URL [/mybank/query] again. Check your ViewResolver setup! (Hint: This may be the result of an unspecified view, due to default view name generation.)
	at org.springframework.web.servlet.view.InternalResourceView.prepareForRendering(InternalResourceView.java:210) ~[spring-webmvc-5.3.6.jar:5.3.6]
	at org.springframework.web.servlet.view.InternalResourceView.renderMergedOutputModel(InternalResourceView.java:148) ~[spring-webmvc-5.3.6.jar:5.3.6]
	at org.springframework.web.servlet.view.AbstractView.render(AbstractView.java:316) ~[spring-webmvc-5.3.6.jar:5.3.6]
	at org.springframework.web.servlet.DispatcherServlet.render(DispatcherServlet.java:1393) ~[spring-webmvc-5.3.6.jar:5.3.6]
	at org.springframework.web.servlet.DispatcherServlet.processDispatchResult(DispatcherServlet.java:1138) ~[spring-webmvc-5.3.6.jar:5.3.6]
	at org.springframework.web.servlet.DispatcherServlet.doDispatch(DispatcherServlet.java:1077) ~[spring-webmvc-5.3.6.jar:5.3.6]
	at org.springframework.web.servlet.DispatcherServlet.doService(DispatcherServlet.java:962) ~[spring-webmvc-5.3.6.jar:5.3.6]
	at org.springframework.web.servlet.FrameworkServlet.processRequest(FrameworkServlet.java:1006) ~[spring-webmvc-5.3.6.jar:5.3.6]
	at org.springframework.web.servlet.FrameworkServlet.doPost(FrameworkServlet.java:909) ~[spring-webmvc-5.3.6.jar:5.3.6]
	at javax.servlet.http.HttpServlet.service(HttpServlet.java:652) ~[tomcat-embed-core-9.0.45.jar:4.0.FR]
	at org.springframework.web.servlet.FrameworkServlet.service(FrameworkServlet.java:883) ~[spring-webmvc-5.3.6.jar:5.3.6]
	at javax.servlet.http.HttpServlet.service(HttpServlet.java:733) ~[tomcat-embed-core-9.0.45.jar:4.0.FR]
	at org.apache.catalina.core.ApplicationFilterChain.internalDoFilter(ApplicationFilterChain.java:227) ~[tomcat-embed-core-9.0.45.jar:9.0.45]
	at org.apache.catalina.core.ApplicationFilterChain.doFilter(ApplicationFilterChain.java:162) ~[tomcat-embed-core-9.0.45.jar:9.0.45]
	at org.apache.tomcat.websocket.server.WsFilter.doFilter(WsFilter.java:53) ~[tomcat-embed-websocket-9.0.45.jar:9.0.45]
	at org.apache.catalina.core.ApplicationFilterChain.internalDoFilter(ApplicationFilterChain.java:189) ~[tomcat-embed-core-9.0.45.jar:9.0.45]
	at org.apache.catalina.core.ApplicationFilterChain.doFilter(ApplicationFilterChain.java:162) ~[tomcat-embed-core-9.0.45.jar:9.0.45]
	at org.springframework.web.filter.RequestContextFilter.doFilterInternal(RequestContextFilter.java:100) ~[spring-web-5.3.6.jar:5.3.6]
	at org.springframework.web.filter.OncePerRequestFilter.doFilter(OncePerRequestFilter.java:119) ~[spring-web-5.3.6.jar:5.3.6]
	at org.apache.catalina.core.ApplicationFilterChain.internalDoFilter(ApplicationFilterChain.java:189) ~[tomcat-embed-core-9.0.45.jar:9.0.45]
	at org.apache.catalina.core.ApplicationFilterChain.doFilter(ApplicationFilterChain.java:162) ~[tomcat-embed-core-9.0.45.jar:9.0.45]
	at org.springframework.web.filter.FormContentFilter.doFilterInternal(FormContentFilter.java:93) ~[spring-web-5.3.6.jar:5.3.6]
	at org.springframework.web.filter.OncePerRequestFilter.doFilter(OncePerRequestFilter.java:119) ~[spring-web-5.3.6.jar:5.3.6]
	at org.apache.catalina.core.ApplicationFilterChain.internalDoFilter(ApplicationFilterChain.java:189) ~[tomcat-embed-core-9.0.45.jar:9.0.45]
	at org.apache.catalina.core.ApplicationFilterChain.doFilter(ApplicationFilterChain.java:162) ~[tomcat-embed-core-9.0.45.jar:9.0.45]
	at org.springframework.web.filter.CharacterEncodingFilter.doFilterInternal(CharacterEncodingFilter.java:201) ~[spring-web-5.3.6.jar:5.3.6]
	at org.springframework.web.filter.OncePerRequestFilter.doFilter(OncePerRequestFilter.java:119) ~[spring-web-5.3.6.jar:5.3.6]
	at org.apache.catalina.core.ApplicationFilterChain.internalDoFilter(ApplicationFilterChain.java:189) ~[tomcat-embed-core-9.0.45.jar:9.0.45]
	at org.apache.catalina.core.ApplicationFilterChain.doFilter(ApplicationFilterChain.java:162) ~[tomcat-embed-core-9.0.45.jar:9.0.45]
	at org.apache.catalina.core.StandardWrapperValve.invoke(StandardWrapperValve.java:202) ~[tomcat-embed-core-9.0.45.jar:9.0.45]
	at org.apache.catalina.core.StandardContextValve.invoke(StandardContextValve.java:97) [tomcat-embed-core-9.0.45.jar:9.0.45]
	at org.apache.catalina.authenticator.AuthenticatorBase.invoke(AuthenticatorBase.java:542) [tomcat-embed-core-9.0.45.jar:9.0.45]
	at org.apache.catalina.core.StandardHostValve.invoke(StandardHostValve.java:143) [tomcat-embed-core-9.0.45.jar:9.0.45]
	at org.apache.catalina.valves.ErrorReportValve.invoke(ErrorReportValve.java:92) [tomcat-embed-core-9.0.45.jar:9.0.45]
	at org.apache.catalina.core.StandardEngineValve.invoke(StandardEngineValve.java:78) [tomcat-embed-core-9.0.45.jar:9.0.45]
	at org.apache.catalina.connector.CoyoteAdapter.service(CoyoteAdapter.java:357) [tomcat-embed-core-9.0.45.jar:9.0.45]
	at org.apache.coyote.http11.Http11Processor.service(Http11Processor.java:374) [tomcat-embed-core-9.0.45.jar:9.0.45]
	at org.apache.coyote.AbstractProcessorLight.process(AbstractProcessorLight.java:65) [tomcat-embed-core-9.0.45.jar:9.0.45]
	at org.apache.coyote.AbstractProtocol$ConnectionHandler.process(AbstractProtocol.java:893) [tomcat-embed-core-9.0.45.jar:9.0.45]
	at org.apache.tomcat.util.net.NioEndpoint$SocketProcessor.doRun(NioEndpoint.java:1707) [tomcat-embed-core-9.0.45.jar:9.0.45]
	at org.apache.tomcat.util.net.SocketProcessorBase.run(SocketProcessorBase.java:49) [tomcat-embed-core-9.0.45.jar:9.0.45]
	at java.util.concurrent.ThreadPoolExecutor.runWorker(ThreadPoolExecutor.java:1149) [na:1.8.0_221]
	at java.util.concurrent.ThreadPoolExecutor$Worker.run(ThreadPoolExecutor.java:624) [na:1.8.0_221]
	at org.apache.tomcat.util.threads.TaskThread$WrappingRunnable.run(TaskThread.java:61) [tomcat-embed-core-9.0.45.jar:9.0.45]
	at java.lang.Thread.run(Thread.java:748) [na:1.8.0_221]

2021-04-29 16:23:13.680 ERROR 16296 --- [http-nio-80-exec-2] o.a.c.c.C.[.[.[.[dispatcherServlet]      : Servlet.service() for servlet [dispatcherServlet] in context with path [/mybank] threw exception [Circular view path [query]: would dispatch back to the current handler URL [/mybank/query] again. Check your ViewResolver setup! (Hint: This may be the result of an unspecified view, due to default view name generation.)] with root cause

javax.servlet.ServletException: Circular view path [query]: would dispatch back to the current handler URL [/mybank/query] again. Check your ViewResolver setup! (Hint: This may be the result of an unspecified view, due to default view name generation.)
	at org.springframework.web.servlet.view.InternalResourceView.prepareForRendering(InternalResourceView.java:210) ~[spring-webmvc-5.3.6.jar:5.3.6]
	at org.springframework.web.servlet.view.InternalResourceView.renderMergedOutputModel(InternalResourceView.java:148) ~[spring-webmvc-5.3.6.jar:5.3.6]
	at org.springframework.web.servlet.view.AbstractView.render(AbstractView.java:316) ~[spring-webmvc-5.3.6.jar:5.3.6]
	at org.springframework.web.servlet.DispatcherServlet.render(DispatcherServlet.java:1393) ~[spring-webmvc-5.3.6.jar:5.3.6]
	at org.springframework.web.servlet.DispatcherServlet.processDispatchResult(DispatcherServlet.java:1138) ~[spring-webmvc-5.3.6.jar:5.3.6]
	at org.springframework.web.servlet.DispatcherServlet.doDispatch(DispatcherServlet.java:1077) ~[spring-webmvc-5.3.6.jar:5.3.6]
	at org.springframework.web.servlet.DispatcherServlet.doService(DispatcherServlet.java:962) ~[spring-webmvc-5.3.6.jar:5.3.6]
	at org.springframework.web.servlet.FrameworkServlet.processRequest(FrameworkServlet.java:1006) ~[spring-webmvc-5.3.6.jar:5.3.6]
	at org.springframework.web.servlet.FrameworkServlet.doPost(FrameworkServlet.java:909) ~[spring-webmvc-5.3.6.jar:5.3.6]
	at javax.servlet.http.HttpServlet.service(HttpServlet.java:652) ~[tomcat-embed-core-9.0.45.jar:4.0.FR]
	at org.springframework.web.servlet.FrameworkServlet.service(FrameworkServlet.java:883) ~[spring-webmvc-5.3.6.jar:5.3.6]
	at javax.servlet.http.HttpServlet.service(HttpServlet.java:733) ~[tomcat-embed-core-9.0.45.jar:4.0.FR]
	at org.apache.catalina.core.ApplicationFilterChain.internalDoFilter(ApplicationFilterChain.java:227) ~[tomcat-embed-core-9.0.45.jar:9.0.45]
	at org.apache.catalina.core.ApplicationFilterChain.doFilter(ApplicationFilterChain.java:162) ~[tomcat-embed-core-9.0.45.jar:9.0.45]
	at org.apache.tomcat.websocket.server.WsFilter.doFilter(WsFilter.java:53) ~[tomcat-embed-websocket-9.0.45.jar:9.0.45]
	at org.apache.catalina.core.ApplicationFilterChain.internalDoFilter(ApplicationFilterChain.java:189) ~[tomcat-embed-core-9.0.45.jar:9.0.45]
	at org.apache.catalina.core.ApplicationFilterChain.doFilter(ApplicationFilterChain.java:162) ~[tomcat-embed-core-9.0.45.jar:9.0.45]
	at org.springframework.web.filter.RequestContextFilter.doFilterInternal(RequestContextFilter.java:100) ~[spring-web-5.3.6.jar:5.3.6]
	at org.springframework.web.filter.OncePerRequestFilter.doFilter(OncePerRequestFilter.java:119) ~[spring-web-5.3.6.jar:5.3.6]
	at org.apache.catalina.core.ApplicationFilterChain.internalDoFilter(ApplicationFilterChain.java:189) ~[tomcat-embed-core-9.0.45.jar:9.0.45]
	at org.apache.catalina.core.ApplicationFilterChain.doFilter(ApplicationFilterChain.java:162) ~[tomcat-embed-core-9.0.45.jar:9.0.45]
	at org.springframework.web.filter.FormContentFilter.doFilterInternal(FormContentFilter.java:93) ~[spring-web-5.3.6.jar:5.3.6]
	at org.springframework.web.filter.OncePerRequestFilter.doFilter(OncePerRequestFilter.java:119) ~[spring-web-5.3.6.jar:5.3.6]
	at org.apache.catalina.core.ApplicationFilterChain.internalDoFilter(ApplicationFilterChain.java:189) ~[tomcat-embed-core-9.0.45.jar:9.0.45]
	at org.apache.catalina.core.ApplicationFilterChain.doFilter(ApplicationFilterChain.java:162) ~[tomcat-embed-core-9.0.45.jar:9.0.45]
	at org.springframework.web.filter.CharacterEncodingFilter.doFilterInternal(CharacterEncodingFilter.java:201) ~[spring-web-5.3.6.jar:5.3.6]
	at org.springframework.web.filter.OncePerRequestFilter.doFilter(OncePerRequestFilter.java:119) ~[spring-web-5.3.6.jar:5.3.6]
	at org.apache.catalina.core.ApplicationFilterChain.internalDoFilter(ApplicationFilterChain.java:189) ~[tomcat-embed-core-9.0.45.jar:9.0.45]
	at org.apache.catalina.core.ApplicationFilterChain.doFilter(ApplicationFilterChain.java:162) ~[tomcat-embed-core-9.0.45.jar:9.0.45]
	at org.apache.catalina.core.StandardWrapperValve.invoke(StandardWrapperValve.java:202) ~[tomcat-embed-core-9.0.45.jar:9.0.45]
	at org.apache.catalina.core.StandardContextValve.invoke(StandardContextValve.java:97) [tomcat-embed-core-9.0.45.jar:9.0.45]
	at org.apache.catalina.authenticator.AuthenticatorBase.invoke(AuthenticatorBase.java:542) [tomcat-embed-core-9.0.45.jar:9.0.45]
	at org.apache.catalina.core.StandardHostValve.invoke(StandardHostValve.java:143) [tomcat-embed-core-9.0.45.jar:9.0.45]
	at org.apache.catalina.valves.ErrorReportValve.invoke(ErrorReportValve.java:92) [tomcat-embed-core-9.0.45.jar:9.0.45]
	at org.apache.catalina.core.StandardEngineValve.invoke(StandardEngineValve.java:78) [tomcat-embed-core-9.0.45.jar:9.0.45]
	at org.apache.catalina.connector.CoyoteAdapter.service(CoyoteAdapter.java:357) [tomcat-embed-core-9.0.45.jar:9.0.45]
	at org.apache.coyote.http11.Http11Processor.service(Http11Processor.java:374) [tomcat-embed-core-9.0.45.jar:9.0.45]
	at org.apache.coyote.AbstractProcessorLight.process(AbstractProcessorLight.java:65) [tomcat-embed-core-9.0.45.jar:9.0.45]
	at org.apache.coyote.AbstractProtocol$ConnectionHandler.process(AbstractProtocol.java:893) [tomcat-embed-core-9.0.45.jar:9.0.45]
	at org.apache.tomcat.util.net.NioEndpoint$SocketProcessor.doRun(NioEndpoint.java:1707) [tomcat-embed-core-9.0.45.jar:9.0.45]
	at org.apache.tomcat.util.net.SocketProcessorBase.run(SocketProcessorBase.java:49) [tomcat-embed-core-9.0.45.jar:9.0.45]
	at java.util.concurrent.ThreadPoolExecutor.runWorker(ThreadPoolExecutor.java:1149) [na:1.8.0_221]
	at java.util.concurrent.ThreadPoolExecutor$Worker.run(ThreadPoolExecutor.java:624) [na:1.8.0_221]
	at org.apache.tomcat.util.threads.TaskThread$WrappingRunnable.run(TaskThread.java:61) [tomcat-embed-core-9.0.45.jar:9.0.45]
	at java.lang.Thread.run(Thread.java:748) [na:1.8.0_221]

2021-04-29 16:23:23.095 ERROR 16296 --- [http-nio-80-exec-4] o.a.c.c.C.[.[.[.[dispatcherServlet]      : Servlet.service() for servlet [dispatcherServlet] in context with path [/mybank] threw exception [Circular view path [query]: would dispatch back to the current handler URL [/mybank/query] again. Check your ViewResolver setup! (Hint: This may be the result of an unspecified view, due to default view name generation.)] with root cause

javax.servlet.ServletException: Circular view path [query]: would dispatch back to the current handler URL [/mybank/query] again. Check your ViewResolver setup! (Hint: This may be the result of an unspecified view, due to default view name generation.)
	at org.springframework.web.servlet.view.InternalResourceView.prepareForRendering(InternalResourceView.java:210) ~[spring-webmvc-5.3.6.jar:5.3.6]
	at org.springframework.web.servlet.view.InternalResourceView.renderMergedOutputModel(InternalResourceView.java:148) ~[spring-webmvc-5.3.6.jar:5.3.6]
	at org.springframework.web.servlet.view.AbstractView.render(AbstractView.java:316) ~[spring-webmvc-5.3.6.jar:5.3.6]
	at org.springframework.web.servlet.DispatcherServlet.render(DispatcherServlet.java:1393) ~[spring-webmvc-5.3.6.jar:5.3.6]
	at org.springframework.web.servlet.DispatcherServlet.processDispatchResult(DispatcherServlet.java:1138) ~[spring-webmvc-5.3.6.jar:5.3.6]
	at org.springframework.web.servlet.DispatcherServlet.doDispatch(DispatcherServlet.java:1077) ~[spring-webmvc-5.3.6.jar:5.3.6]
	at org.springframework.web.servlet.DispatcherServlet.doService(DispatcherServlet.java:962) ~[spring-webmvc-5.3.6.jar:5.3.6]
	at org.springframework.web.servlet.FrameworkServlet.processRequest(FrameworkServlet.java:1006) ~[spring-webmvc-5.3.6.jar:5.3.6]
	at org.springframework.web.servlet.FrameworkServlet.doPost(FrameworkServlet.java:909) ~[spring-webmvc-5.3.6.jar:5.3.6]
	at javax.servlet.http.HttpServlet.service(HttpServlet.java:652) ~[tomcat-embed-core-9.0.45.jar:4.0.FR]
	at org.springframework.web.servlet.FrameworkServlet.service(FrameworkServlet.java:883) ~[spring-webmvc-5.3.6.jar:5.3.6]
	at javax.servlet.http.HttpServlet.service(HttpServlet.java:733) ~[tomcat-embed-core-9.0.45.jar:4.0.FR]
	at org.apache.catalina.core.ApplicationFilterChain.internalDoFilter(ApplicationFilterChain.java:227) ~[tomcat-embed-core-9.0.45.jar:9.0.45]
	at org.apache.catalina.core.ApplicationFilterChain.doFilter(ApplicationFilterChain.java:162) ~[tomcat-embed-core-9.0.45.jar:9.0.45]
	at org.apache.tomcat.websocket.server.WsFilter.doFilter(WsFilter.java:53) ~[tomcat-embed-websocket-9.0.45.jar:9.0.45]
	at org.apache.catalina.core.ApplicationFilterChain.internalDoFilter(ApplicationFilterChain.java:189) ~[tomcat-embed-core-9.0.45.jar:9.0.45]
	at org.apache.catalina.core.ApplicationFilterChain.doFilter(ApplicationFilterChain.java:162) ~[tomcat-embed-core-9.0.45.jar:9.0.45]
	at org.springframework.web.filter.RequestContextFilter.doFilterInternal(RequestContextFilter.java:100) ~[spring-web-5.3.6.jar:5.3.6]
	at org.springframework.web.filter.OncePerRequestFilter.doFilter(OncePerRequestFilter.java:119) ~[spring-web-5.3.6.jar:5.3.6]
	at org.apache.catalina.core.ApplicationFilterChain.internalDoFilter(ApplicationFilterChain.java:189) ~[tomcat-embed-core-9.0.45.jar:9.0.45]
	at org.apache.catalina.core.ApplicationFilterChain.doFilter(ApplicationFilterChain.java:162) ~[tomcat-embed-core-9.0.45.jar:9.0.45]
	at org.springframework.web.filter.FormContentFilter.doFilterInternal(FormContentFilter.java:93) ~[spring-web-5.3.6.jar:5.3.6]
	at org.springframework.web.filter.OncePerRequestFilter.doFilter(OncePerRequestFilter.java:119) ~[spring-web-5.3.6.jar:5.3.6]
	at org.apache.catalina.core.ApplicationFilterChain.internalDoFilter(ApplicationFilterChain.java:189) ~[tomcat-embed-core-9.0.45.jar:9.0.45]
	at org.apache.catalina.core.ApplicationFilterChain.doFilter(ApplicationFilterChain.java:162) ~[tomcat-embed-core-9.0.45.jar:9.0.45]
	at org.springframework.web.filter.CharacterEncodingFilter.doFilterInternal(CharacterEncodingFilter.java:201) ~[spring-web-5.3.6.jar:5.3.6]
	at org.springframework.web.filter.OncePerRequestFilter.doFilter(OncePerRequestFilter.java:119) ~[spring-web-5.3.6.jar:5.3.6]
	at org.apache.catalina.core.ApplicationFilterChain.internalDoFilter(ApplicationFilterChain.java:189) ~[tomcat-embed-core-9.0.45.jar:9.0.45]
	at org.apache.catalina.core.ApplicationFilterChain.doFilter(ApplicationFilterChain.java:162) ~[tomcat-embed-core-9.0.45.jar:9.0.45]
	at org.apache.catalina.core.StandardWrapperValve.invoke(StandardWrapperValve.java:202) ~[tomcat-embed-core-9.0.45.jar:9.0.45]
	at org.apache.catalina.core.StandardContextValve.invoke(StandardContextValve.java:97) [tomcat-embed-core-9.0.45.jar:9.0.45]
	at org.apache.catalina.authenticator.AuthenticatorBase.invoke(AuthenticatorBase.java:542) [tomcat-embed-core-9.0.45.jar:9.0.45]
	at org.apache.catalina.core.StandardHostValve.invoke(StandardHostValve.java:143) [tomcat-embed-core-9.0.45.jar:9.0.45]
	at org.apache.catalina.valves.ErrorReportValve.invoke(ErrorReportValve.java:92) [tomcat-embed-core-9.0.45.jar:9.0.45]
	at org.apache.catalina.core.StandardEngineValve.invoke(StandardEngineValve.java:78) [tomcat-embed-core-9.0.45.jar:9.0.45]
	at org.apache.catalina.connector.CoyoteAdapter.service(CoyoteAdapter.java:357) [tomcat-embed-core-9.0.45.jar:9.0.45]
	at org.apache.coyote.http11.Http11Processor.service(Http11Processor.java:374) [tomcat-embed-core-9.0.45.jar:9.0.45]
	at org.apache.coyote.AbstractProcessorLight.process(AbstractProcessorLight.java:65) [tomcat-embed-core-9.0.45.jar:9.0.45]
	at org.apache.coyote.AbstractProtocol$ConnectionHandler.process(AbstractProtocol.java:893) [tomcat-embed-core-9.0.45.jar:9.0.45]
	at org.apache.tomcat.util.net.NioEndpoint$SocketProcessor.doRun(NioEndpoint.java:1707) [tomcat-embed-core-9.0.45.jar:9.0.45]
	at org.apache.tomcat.util.net.SocketProcessorBase.run(SocketProcessorBase.java:49) [tomcat-embed-core-9.0.45.jar:9.0.45]
	at java.util.concurrent.ThreadPoolExecutor.runWorker(ThreadPoolExecutor.java:1149) [na:1.8.0_221]
	at java.util.concurrent.ThreadPoolExecutor$Worker.run(ThreadPoolExecutor.java:624) [na:1.8.0_221]
	at org.apache.tomcat.util.threads.TaskThread$WrappingRunnable.run(TaskThread.java:61) [tomcat-embed-core-9.0.45.jar:9.0.45]
	at java.lang.Thread.run(Thread.java:748) [na:1.8.0_221]

2021-04-29 16:23:35.791 ERROR 16296 --- [http-nio-80-exec-9] o.a.c.c.C.[.[.[.[dispatcherServlet]      : Servlet.service() for servlet [dispatcherServlet] in context with path [/mybank] threw exception [Circular view path [query]: would dispatch back to the current handler URL [/mybank/query] again. Check your ViewResolver setup! (Hint: This may be the result of an unspecified view, due to default view name generation.)] with root cause

javax.servlet.ServletException: Circular view path [query]: would dispatch back to the current handler URL [/mybank/query] again. Check your ViewResolver setup! (Hint: This may be the result of an unspecified view, due to default view name generation.)
	at org.springframework.web.servlet.view.InternalResourceView.prepareForRendering(InternalResourceView.java:210) ~[spring-webmvc-5.3.6.jar:5.3.6]
	at org.springframework.web.servlet.view.InternalResourceView.renderMergedOutputModel(InternalResourceView.java:148) ~[spring-webmvc-5.3.6.jar:5.3.6]
	at org.springframework.web.servlet.view.AbstractView.render(AbstractView.java:316) ~[spring-webmvc-5.3.6.jar:5.3.6]
	at org.springframework.web.servlet.DispatcherServlet.render(DispatcherServlet.java:1393) ~[spring-webmvc-5.3.6.jar:5.3.6]
	at org.springframework.web.servlet.DispatcherServlet.processDispatchResult(DispatcherServlet.java:1138) ~[spring-webmvc-5.3.6.jar:5.3.6]
	at org.springframework.web.servlet.DispatcherServlet.doDispatch(DispatcherServlet.java:1077) ~[spring-webmvc-5.3.6.jar:5.3.6]
	at org.springframework.web.servlet.DispatcherServlet.doService(DispatcherServlet.java:962) ~[spring-webmvc-5.3.6.jar:5.3.6]
	at org.springframework.web.servlet.FrameworkServlet.processRequest(FrameworkServlet.java:1006) ~[spring-webmvc-5.3.6.jar:5.3.6]
	at org.springframework.web.servlet.FrameworkServlet.doPost(FrameworkServlet.java:909) ~[spring-webmvc-5.3.6.jar:5.3.6]
	at javax.servlet.http.HttpServlet.service(HttpServlet.java:652) ~[tomcat-embed-core-9.0.45.jar:4.0.FR]
	at org.springframework.web.servlet.FrameworkServlet.service(FrameworkServlet.java:883) ~[spring-webmvc-5.3.6.jar:5.3.6]
	at javax.servlet.http.HttpServlet.service(HttpServlet.java:733) ~[tomcat-embed-core-9.0.45.jar:4.0.FR]
	at org.apache.catalina.core.ApplicationFilterChain.internalDoFilter(ApplicationFilterChain.java:227) ~[tomcat-embed-core-9.0.45.jar:9.0.45]
	at org.apache.catalina.core.ApplicationFilterChain.doFilter(ApplicationFilterChain.java:162) ~[tomcat-embed-core-9.0.45.jar:9.0.45]
	at org.apache.tomcat.websocket.server.WsFilter.doFilter(WsFilter.java:53) ~[tomcat-embed-websocket-9.0.45.jar:9.0.45]
	at org.apache.catalina.core.ApplicationFilterChain.internalDoFilter(ApplicationFilterChain.java:189) ~[tomcat-embed-core-9.0.45.jar:9.0.45]
	at org.apache.catalina.core.ApplicationFilterChain.doFilter(ApplicationFilterChain.java:162) ~[tomcat-embed-core-9.0.45.jar:9.0.45]
	at org.springframework.web.filter.RequestContextFilter.doFilterInternal(RequestContextFilter.java:100) ~[spring-web-5.3.6.jar:5.3.6]
	at org.springframework.web.filter.OncePerRequestFilter.doFilter(OncePerRequestFilter.java:119) ~[spring-web-5.3.6.jar:5.3.6]
	at org.apache.catalina.core.ApplicationFilterChain.internalDoFilter(ApplicationFilterChain.java:189) ~[tomcat-embed-core-9.0.45.jar:9.0.45]
	at org.apache.catalina.core.ApplicationFilterChain.doFilter(ApplicationFilterChain.java:162) ~[tomcat-embed-core-9.0.45.jar:9.0.45]
	at org.springframework.web.filter.FormContentFilter.doFilterInternal(FormContentFilter.java:93) ~[spring-web-5.3.6.jar:5.3.6]
	at org.springframework.web.filter.OncePerRequestFilter.doFilter(OncePerRequestFilter.java:119) ~[spring-web-5.3.6.jar:5.3.6]
	at org.apache.catalina.core.ApplicationFilterChain.internalDoFilter(ApplicationFilterChain.java:189) ~[tomcat-embed-core-9.0.45.jar:9.0.45]
	at org.apache.catalina.core.ApplicationFilterChain.doFilter(ApplicationFilterChain.java:162) ~[tomcat-embed-core-9.0.45.jar:9.0.45]
	at org.springframework.web.filter.CharacterEncodingFilter.doFilterInternal(CharacterEncodingFilter.java:201) ~[spring-web-5.3.6.jar:5.3.6]
	at org.springframework.web.filter.OncePerRequestFilter.doFilter(OncePerRequestFilter.java:119) ~[spring-web-5.3.6.jar:5.3.6]
	at org.apache.catalina.core.ApplicationFilterChain.internalDoFilter(ApplicationFilterChain.java:189) ~[tomcat-embed-core-9.0.45.jar:9.0.45]
	at org.apache.catalina.core.ApplicationFilterChain.doFilter(ApplicationFilterChain.java:162) ~[tomcat-embed-core-9.0.45.jar:9.0.45]
	at org.apache.catalina.core.StandardWrapperValve.invoke(StandardWrapperValve.java:202) ~[tomcat-embed-core-9.0.45.jar:9.0.45]
	at org.apache.catalina.core.StandardContextValve.invoke(StandardContextValve.java:97) [tomcat-embed-core-9.0.45.jar:9.0.45]
	at org.apache.catalina.authenticator.AuthenticatorBase.invoke(AuthenticatorBase.java:542) [tomcat-embed-core-9.0.45.jar:9.0.45]
	at org.apache.catalina.core.StandardHostValve.invoke(StandardHostValve.java:143) [tomcat-embed-core-9.0.45.jar:9.0.45]
	at org.apache.catalina.valves.ErrorReportValve.invoke(ErrorReportValve.java:92) [tomcat-embed-core-9.0.45.jar:9.0.45]
	at org.apache.catalina.core.StandardEngineValve.invoke(StandardEngineValve.java:78) [tomcat-embed-core-9.0.45.jar:9.0.45]
	at org.apache.catalina.connector.CoyoteAdapter.service(CoyoteAdapter.java:357) [tomcat-embed-core-9.0.45.jar:9.0.45]
	at org.apache.coyote.http11.Http11Processor.service(Http11Processor.java:374) [tomcat-embed-core-9.0.45.jar:9.0.45]
	at org.apache.coyote.AbstractProcessorLight.process(AbstractProcessorLight.java:65) [tomcat-embed-core-9.0.45.jar:9.0.45]
	at org.apache.coyote.AbstractProtocol$ConnectionHandler.process(AbstractProtocol.java:893) [tomcat-embed-core-9.0.45.jar:9.0.45]
	at org.apache.tomcat.util.net.NioEndpoint$SocketProcessor.doRun(NioEndpoint.java:1707) [tomcat-embed-core-9.0.45.jar:9.0.45]
	at org.apache.tomcat.util.net.SocketProcessorBase.run(SocketProcessorBase.java:49) [tomcat-embed-core-9.0.45.jar:9.0.45]
	at java.util.concurrent.ThreadPoolExecutor.runWorker(ThreadPoolExecutor.java:1149) [na:1.8.0_221]
	at java.util.concurrent.ThreadPoolExecutor$Worker.run(ThreadPoolExecutor.java:624) [na:1.8.0_221]
	at org.apache.tomcat.util.threads.TaskThread$WrappingRunnable.run(TaskThread.java:61) [tomcat-embed-core-9.0.45.jar:9.0.45]
	at java.lang.Thread.run(Thread.java:748) [na:1.8.0_221]

2021-04-29 16:24:25.065 ERROR 16296 --- [http-nio-80-exec-10] o.a.c.c.C.[.[.[.[dispatcherServlet]      : Servlet.service() for servlet [dispatcherServlet] in context with path [/mybank] threw exception [Circular view path [query]: would dispatch back to the current handler URL [/mybank/query] again. Check your ViewResolver setup! (Hint: This may be the result of an unspecified view, due to default view name generation.)] with root cause

javax.servlet.ServletException: Circular view path [query]: would dispatch back to the current handler URL [/mybank/query] again. Check your ViewResolver setup! (Hint: This may be the result of an unspecified view, due to default view name generation.)
	at org.springframework.web.servlet.view.InternalResourceView.prepareForRendering(InternalResourceView.java:210) ~[spring-webmvc-5.3.6.jar:5.3.6]
	at org.springframework.web.servlet.view.InternalResourceView.renderMergedOutputModel(InternalResourceView.java:148) ~[spring-webmvc-5.3.6.jar:5.3.6]
	at org.springframework.web.servlet.view.AbstractView.render(AbstractView.java:316) ~[spring-webmvc-5.3.6.jar:5.3.6]
	at org.springframework.web.servlet.DispatcherServlet.render(DispatcherServlet.java:1393) ~[spring-webmvc-5.3.6.jar:5.3.6]
	at org.springframework.web.servlet.DispatcherServlet.processDispatchResult(DispatcherServlet.java:1138) ~[spring-webmvc-5.3.6.jar:5.3.6]
	at org.springframework.web.servlet.DispatcherServlet.doDispatch(DispatcherServlet.java:1077) ~[spring-webmvc-5.3.6.jar:5.3.6]
	at org.springframework.web.servlet.DispatcherServlet.doService(DispatcherServlet.java:962) ~[spring-webmvc-5.3.6.jar:5.3.6]
	at org.springframework.web.servlet.FrameworkServlet.processRequest(FrameworkServlet.java:1006) ~[spring-webmvc-5.3.6.jar:5.3.6]
	at org.springframework.web.servlet.FrameworkServlet.doPost(FrameworkServlet.java:909) ~[spring-webmvc-5.3.6.jar:5.3.6]
	at javax.servlet.http.HttpServlet.service(HttpServlet.java:652) ~[tomcat-embed-core-9.0.45.jar:4.0.FR]
	at org.springframework.web.servlet.FrameworkServlet.service(FrameworkServlet.java:883) ~[spring-webmvc-5.3.6.jar:5.3.6]
	at javax.servlet.http.HttpServlet.service(HttpServlet.java:733) ~[tomcat-embed-core-9.0.45.jar:4.0.FR]
	at org.apache.catalina.core.ApplicationFilterChain.internalDoFilter(ApplicationFilterChain.java:227) ~[tomcat-embed-core-9.0.45.jar:9.0.45]
	at org.apache.catalina.core.ApplicationFilterChain.doFilter(ApplicationFilterChain.java:162) ~[tomcat-embed-core-9.0.45.jar:9.0.45]
	at org.apache.tomcat.websocket.server.WsFilter.doFilter(WsFilter.java:53) ~[tomcat-embed-websocket-9.0.45.jar:9.0.45]
	at org.apache.catalina.core.ApplicationFilterChain.internalDoFilter(ApplicationFilterChain.java:189) ~[tomcat-embed-core-9.0.45.jar:9.0.45]
	at org.apache.catalina.core.ApplicationFilterChain.doFilter(ApplicationFilterChain.java:162) ~[tomcat-embed-core-9.0.45.jar:9.0.45]
	at org.springframework.web.filter.RequestContextFilter.doFilterInternal(RequestContextFilter.java:100) ~[spring-web-5.3.6.jar:5.3.6]
	at org.springframework.web.filter.OncePerRequestFilter.doFilter(OncePerRequestFilter.java:119) ~[spring-web-5.3.6.jar:5.3.6]
	at org.apache.catalina.core.ApplicationFilterChain.internalDoFilter(ApplicationFilterChain.java:189) ~[tomcat-embed-core-9.0.45.jar:9.0.45]
	at org.apache.catalina.core.ApplicationFilterChain.doFilter(ApplicationFilterChain.java:162) ~[tomcat-embed-core-9.0.45.jar:9.0.45]
	at org.springframework.web.filter.FormContentFilter.doFilterInternal(FormContentFilter.java:93) ~[spring-web-5.3.6.jar:5.3.6]
	at org.springframework.web.filter.OncePerRequestFilter.doFilter(OncePerRequestFilter.java:119) ~[spring-web-5.3.6.jar:5.3.6]
	at org.apache.catalina.core.ApplicationFilterChain.internalDoFilter(ApplicationFilterChain.java:189) ~[tomcat-embed-core-9.0.45.jar:9.0.45]
	at org.apache.catalina.core.ApplicationFilterChain.doFilter(ApplicationFilterChain.java:162) ~[tomcat-embed-core-9.0.45.jar:9.0.45]
	at org.springframework.web.filter.CharacterEncodingFilter.doFilterInternal(CharacterEncodingFilter.java:201) ~[spring-web-5.3.6.jar:5.3.6]
	at org.springframework.web.filter.OncePerRequestFilter.doFilter(OncePerRequestFilter.java:119) ~[spring-web-5.3.6.jar:5.3.6]
	at org.apache.catalina.core.ApplicationFilterChain.internalDoFilter(ApplicationFilterChain.java:189) ~[tomcat-embed-core-9.0.45.jar:9.0.45]
	at org.apache.catalina.core.ApplicationFilterChain.doFilter(ApplicationFilterChain.java:162) ~[tomcat-embed-core-9.0.45.jar:9.0.45]
	at org.apache.catalina.core.StandardWrapperValve.invoke(StandardWrapperValve.java:202) ~[tomcat-embed-core-9.0.45.jar:9.0.45]
	at org.apache.catalina.core.StandardContextValve.invoke(StandardContextValve.java:97) [tomcat-embed-core-9.0.45.jar:9.0.45]
	at org.apache.catalina.authenticator.AuthenticatorBase.invoke(AuthenticatorBase.java:542) [tomcat-embed-core-9.0.45.jar:9.0.45]
	at org.apache.catalina.core.StandardHostValve.invoke(StandardHostValve.java:143) [tomcat-embed-core-9.0.45.jar:9.0.45]
	at org.apache.catalina.valves.ErrorReportValve.invoke(ErrorReportValve.java:92) [tomcat-embed-core-9.0.45.jar:9.0.45]
	at org.apache.catalina.core.StandardEngineValve.invoke(StandardEngineValve.java:78) [tomcat-embed-core-9.0.45.jar:9.0.45]
	at org.apache.catalina.connector.CoyoteAdapter.service(CoyoteAdapter.java:357) [tomcat-embed-core-9.0.45.jar:9.0.45]
	at org.apache.coyote.http11.Http11Processor.service(Http11Processor.java:374) [tomcat-embed-core-9.0.45.jar:9.0.45]
	at org.apache.coyote.AbstractProcessorLight.process(AbstractProcessorLight.java:65) [tomcat-embed-core-9.0.45.jar:9.0.45]
	at org.apache.coyote.AbstractProtocol$ConnectionHandler.process(AbstractProtocol.java:893) [tomcat-embed-core-9.0.45.jar:9.0.45]
	at org.apache.tomcat.util.net.NioEndpoint$SocketProcessor.doRun(NioEndpoint.java:1707) [tomcat-embed-core-9.0.45.jar:9.0.45]
	at org.apache.tomcat.util.net.SocketProcessorBase.run(SocketProcessorBase.java:49) [tomcat-embed-core-9.0.45.jar:9.0.45]
	at java.util.concurrent.ThreadPoolExecutor.runWorker(ThreadPoolExecutor.java:1149) [na:1.8.0_221]
	at java.util.concurrent.ThreadPoolExecutor$Worker.run(ThreadPoolExecutor.java:624) [na:1.8.0_221]
	at org.apache.tomcat.util.threads.TaskThread$WrappingRunnable.run(TaskThread.java:61) [tomcat-embed-core-9.0.45.jar:9.0.45]
	at java.lang.Thread.run(Thread.java:748) [na:1.8.0_221]

2021-04-29 16:25:15.386  INFO 16296 --- [restartedMain] com.yc.MybankApplication                 : Starting MybankApplication using Java 1.8.0_221 on LAPTOP-DJA05F95 with PID 16296 (D:\三期\新三期\0404\springboot\mybank\target\classes started by hp in D:\三期\新三期\0404\springboot)
2021-04-29 16:25:15.387  INFO 16296 --- [restartedMain] com.yc.MybankApplication                 : No active profile set, falling back to default profiles: default
2021-04-29 16:25:16.933  INFO 16296 --- [restartedMain] com.yc.MybankApplication                 : Started MybankApplication in 1.608 seconds (JVM running for 140.701)
2021-04-29 16:25:19.413  INFO 16296 --- [restartedMain] com.yc.MybankApplication                 : Starting MybankApplication using Java 1.8.0_221 on LAPTOP-DJA05F95 with PID 16296 (D:\三期\新三期\0404\springboot\mybank\target\classes started by hp in D:\三期\新三期\0404\springboot)
2021-04-29 16:25:19.414  INFO 16296 --- [restartedMain] com.yc.MybankApplication                 : No active profile set, falling back to default profiles: default
2021-04-29 16:25:20.357  INFO 16296 --- [restartedMain] com.yc.MybankApplication                 : Started MybankApplication in 0.984 seconds (JVM running for 144.125)
2021-04-29 16:25:47.344  INFO 16296 --- [restartedMain] com.yc.MybankApplication                 : Starting MybankApplication using Java 1.8.0_221 on LAPTOP-DJA05F95 with PID 16296 (D:\三期\新三期\0404\springboot\mybank\target\classes started by hp in D:\三期\新三期\0404\springboot)
2021-04-29 16:25:47.344  INFO 16296 --- [restartedMain] com.yc.MybankApplication                 : No active profile set, falling back to default profiles: default
2021-04-29 16:25:48.166  INFO 16296 --- [restartedMain] com.yc.MybankApplication                 : Started MybankApplication in 0.861 seconds (JVM running for 171.934)
2021-04-29 16:25:50.998  INFO 16296 --- [restartedMain] com.yc.MybankApplication                 : Starting MybankApplication using Java 1.8.0_221 on LAPTOP-DJA05F95 with PID 16296 (D:\三期\新三期\0404\springboot\mybank\target\classes started by hp in D:\三期\新三期\0404\springboot)
2021-04-29 16:25:50.998  INFO 16296 --- [restartedMain] com.yc.MybankApplication                 : No active profile set, falling back to default profiles: default
2021-04-29 16:25:51.742  INFO 16296 --- [restartedMain] com.yc.MybankApplication                 : Started MybankApplication in 0.772 seconds (JVM running for 175.511)
2021-04-29 16:26:43.300  INFO 16296 --- [restartedMain] com.yc.MybankApplication                 : Starting MybankApplication using Java 1.8.0_221 on LAPTOP-DJA05F95 with PID 16296 (D:\三期\新三期\0404\springboot\mybank\target\classes started by hp in D:\三期\新三期\0404\springboot)
2021-04-29 16:26:43.301  INFO 16296 --- [restartedMain] com.yc.MybankApplication                 : No active profile set, falling back to default profiles: default
2021-04-29 16:26:44.090  INFO 16296 --- [restartedMain] com.yc.MybankApplication                 : Started MybankApplication in 0.829 seconds (JVM running for 227.858)
2021-04-29 16:26:46.656  INFO 16296 --- [restartedMain] com.yc.MybankApplication                 : Starting MybankApplication using Java 1.8.0_221 on LAPTOP-DJA05F95 with PID 16296 (D:\三期\新三期\0404\springboot\mybank\target\classes started by hp in D:\三期\新三期\0404\springboot)
2021-04-29 16:26:46.656  INFO 16296 --- [restartedMain] com.yc.MybankApplication                 : No active profile set, falling back to default profiles: default
2021-04-29 16:26:47.351  INFO 16296 --- [restartedMain] com.yc.MybankApplication                 : Started MybankApplication in 0.73 seconds (JVM running for 231.119)
2021-04-29 16:27:35.330  INFO 16296 --- [restartedMain] com.yc.MybankApplication                 : Starting MybankApplication using Java 1.8.0_221 on LAPTOP-DJA05F95 with PID 16296 (D:\三期\新三期\0404\springboot\mybank\target\classes started by hp in D:\三期\新三期\0404\springboot)
2021-04-29 16:27:35.330  INFO 16296 --- [restartedMain] com.yc.MybankApplication                 : No active profile set, falling back to default profiles: default
2021-04-29 16:27:36.740  INFO 16296 --- [restartedMain] com.yc.MybankApplication                 : Started MybankApplication in 1.452 seconds (JVM running for 280.508)
2021-04-29 16:27:39.336  INFO 16296 --- [restartedMain] com.yc.MybankApplication                 : Starting MybankApplication using Java 1.8.0_221 on LAPTOP-DJA05F95 with PID 16296 (D:\三期\新三期\0404\springboot\mybank\target\classes started by hp in D:\三期\新三期\0404\springboot)
2021-04-29 16:27:39.337  INFO 16296 --- [restartedMain] com.yc.MybankApplication                 : No active profile set, falling back to default profiles: default
2021-04-29 16:27:40.109  INFO 16296 --- [restartedMain] com.yc.MybankApplication                 : Started MybankApplication in 0.82 seconds (JVM running for 283.877)
2021-04-29 16:28:05.664  INFO 16296 --- [restartedMain] com.yc.MybankApplication                 : Starting MybankApplication using Java 1.8.0_221 on LAPTOP-DJA05F95 with PID 16296 (D:\三期\新三期\0404\springboot\mybank\target\classes started by hp in D:\三期\新三期\0404\springboot)
2021-04-29 16:28:05.664  INFO 16296 --- [restartedMain] com.yc.MybankApplication                 : No active profile set, falling back to default profiles: default
2021-04-29 16:28:06.956  INFO 16296 --- [restartedMain] com.yc.MybankApplication                 : Started MybankApplication in 1.331 seconds (JVM running for 310.724)
2021-04-29 16:28:09.514  INFO 16296 --- [restartedMain] com.yc.MybankApplication                 : Starting MybankApplication using Java 1.8.0_221 on LAPTOP-DJA05F95 with PID 16296 (D:\三期\新三期\0404\springboot\mybank\target\classes started by hp in D:\三期\新三期\0404\springboot)
2021-04-29 16:28:09.514  INFO 16296 --- [restartedMain] com.yc.MybankApplication                 : No active profile set, falling back to default profiles: default
2021-04-29 16:28:10.296  INFO 16296 --- [restartedMain] com.yc.MybankApplication                 : Started MybankApplication in 0.812 seconds (JVM running for 314.064)
2021-04-29 16:51:57.705  WARN 16296 --- [HikariPool-11 housekeeper] com.zaxxer.hikari.pool.HikariPool        : HikariPool-11 - Thread starvation or clock leap detected (housekeeper delta=22m50s704ms966µs900ns).
