2021-04-24 10:53:17.874  INFO 1636 --- [restartedMain] c.y.s.springboot.SpringbootApplication   : Starting SpringbootApplication using Java 1.8.0_221 on LAPTOP-DJA05F95 with PID 1636 (D:\‰∏âÊúü\Êñ∞‰∏âÊúü\0404\springboot\target\classes started by hp in D:\‰∏âÊúü\Êñ∞‰∏âÊúü\0404\springboot)
2021-04-24 10:53:17.879  INFO 1636 --- [restartedMain] c.y.s.springboot.SpringbootApplication   : No active profile set, falling back to default profiles: default
2021-04-24 10:53:19.429  INFO 1636 --- [restartedMain] c.y.s.springboot.SpringbootApplication   : Started SpringbootApplication in 2.124 seconds (JVM running for 3.848)
2021-04-24 14:29:48.516  INFO 23148 --- [restartedMain] c.y.s.springboot.SpringbootApplication   : Starting SpringbootApplication using Java 1.8.0_221 on LAPTOP-DJA05F95 with PID 23148 (D:\‰∏âÊúü\Êñ∞‰∏âÊúü\0404\springboot\target\classes started by hp in D:\‰∏âÊúü\Êñ∞‰∏âÊúü\0404\springboot)
2021-04-24 14:29:48.519  INFO 23148 --- [restartedMain] c.y.s.springboot.SpringbootApplication   : No active profile set, falling back to default profiles: default
2021-04-24 14:29:49.432  INFO 23148 --- [restartedMain] c.y.s.springboot.SpringbootApplication   : Started SpringbootApplication in 1.305 seconds (JVM running for 2.356)
2021-04-24 14:32:57.193  INFO 23148 --- [restartedMain] c.y.s.springboot.SpringbootApplication   : Starting SpringbootApplication using Java 1.8.0_221 on LAPTOP-DJA05F95 with PID 23148 (D:\‰∏âÊúü\Êñ∞‰∏âÊúü\0404\springboot\target\classes started by hp in D:\‰∏âÊúü\Êñ∞‰∏âÊúü\0404\springboot)
2021-04-24 14:32:57.193  INFO 23148 --- [restartedMain] c.y.s.springboot.SpringbootApplication   : No active profile set, falling back to default profiles: default
2021-04-24 14:32:57.364  INFO 23148 --- [restartedMain] c.y.s.springboot.SpringbootApplication   : Started SpringbootApplication in 0.191 seconds (JVM running for 190.289)
2021-04-24 14:32:59.336  INFO 23148 --- [restartedMain] c.y.s.springboot.SpringbootApplication   : Starting SpringbootApplication using Java 1.8.0_221 on LAPTOP-DJA05F95 with PID 23148 (D:\‰∏âÊúü\Êñ∞‰∏âÊúü\0404\springboot\target\classes started by hp in D:\‰∏âÊúü\Êñ∞‰∏âÊúü\0404\springboot)
2021-04-24 14:32:59.337  INFO 23148 --- [restartedMain] c.y.s.springboot.SpringbootApplication   : No active profile set, falling back to default profiles: default
2021-04-24 14:32:59.489  INFO 23148 --- [restartedMain] c.y.s.springboot.SpringbootApplication   : Started SpringbootApplication in 0.171 seconds (JVM running for 192.414)
2021-04-24 14:33:13.740  INFO 21008 --- [main] c.y.s.s.SpringbootApplicationTests       : Starting SpringbootApplicationTests using Java 1.8.0_221 on LAPTOP-DJA05F95 with PID 21008 (started by hp in D:\»˝∆⁄\–¬»˝∆⁄\0404\springboot)
2021-04-24 14:33:13.742  INFO 21008 --- [main] c.y.s.s.SpringbootApplicationTests       : No active profile set, falling back to default profiles: default
2021-04-24 14:33:14.812  INFO 21008 --- [main] c.y.s.s.SpringbootApplicationTests       : Started SpringbootApplicationTests in 1.339 seconds (JVM running for 2.116)
2021-04-24 14:33:48.694  INFO 21972 --- [main] c.y.s.s.SpringbootApplicationTests       : Starting SpringbootApplicationTests using Java 1.8.0_221 on LAPTOP-DJA05F95 with PID 21972 (started by hp in D:\»˝∆⁄\–¬»˝∆⁄\0404\springboot)
2021-04-24 14:33:48.697  INFO 21972 --- [main] c.y.s.s.SpringbootApplicationTests       : No active profile set, falling back to default profiles: default
2021-04-24 14:33:49.766  INFO 21972 --- [main] c.y.s.s.SpringbootApplicationTests       : Started SpringbootApplicationTests in 1.326 seconds (JVM running for 2.102)
2021-04-24 14:40:03.116  INFO 18220 --- [main] c.y.s.s.SpringbootApplicationTests       : Starting SpringbootApplicationTests using Java 1.8.0_221 on LAPTOP-DJA05F95 with PID 18220 (started by hp in D:\»˝∆⁄\–¬»˝∆⁄\0404\springboot)
2021-04-24 14:40:03.118  INFO 18220 --- [main] c.y.s.s.SpringbootApplicationTests       : No active profile set, falling back to default profiles: default
2021-04-24 14:40:04.204  INFO 18220 --- [main] c.y.s.s.SpringbootApplicationTests       : Started SpringbootApplicationTests in 1.359 seconds (JVM running for 2.159)
2021-04-24 15:01:36.480  INFO 10128 --- [restartedMain] c.y.s.springboot.SpringbootApplication   : Starting SpringbootApplication using Java 1.8.0_221 on LAPTOP-DJA05F95 with PID 10128 (D:\‰∏âÊúü\Êñ∞‰∏âÊúü\0404\springboot\target\classes started by hp in D:\‰∏âÊúü\Êñ∞‰∏âÊúü\0404\springboot)
2021-04-24 15:01:36.483  INFO 10128 --- [restartedMain] c.y.s.springboot.SpringbootApplication   : No active profile set, falling back to default profiles: default
2021-04-24 15:01:37.405  INFO 10128 --- [restartedMain] c.y.s.springboot.SpringbootApplication   : Started SpringbootApplication in 1.272 seconds (JVM running for 2.286)
2021-04-24 15:06:23.419  INFO 10072 --- [restartedMain] c.y.s.springboot.SpringbootApplication   : Starting SpringbootApplication using Java 1.8.0_221 on LAPTOP-DJA05F95 with PID 10072 (D:\‰∏âÊúü\Êñ∞‰∏âÊúü\0404\springboot\target\classes started by hp in D:\‰∏âÊúü\Êñ∞‰∏âÊúü\0404\springboot)
2021-04-24 15:06:23.422  INFO 10072 --- [restartedMain] c.y.s.springboot.SpringbootApplication   : No active profile set, falling back to default profiles: default
2021-04-24 15:06:24.391  INFO 10072 --- [restartedMain] c.y.s.springboot.SpringbootApplication   : Started SpringbootApplication in 1.318 seconds (JVM running for 2.337)
2021-04-24 15:08:58.294  INFO 13020 --- [restartedMain] c.y.s.springboot.SpringbootApplication   : Starting SpringbootApplication using Java 1.8.0_221 on LAPTOP-DJA05F95 with PID 13020 (D:\‰∏âÊúü\Êñ∞‰∏âÊúü\0404\springboot\target\classes started by hp in D:\‰∏âÊúü\Êñ∞‰∏âÊúü\0404\springboot)
2021-04-24 15:08:58.296  INFO 13020 --- [restartedMain] c.y.s.springboot.SpringbootApplication   : No active profile set, falling back to default profiles: default
2021-04-24 15:08:59.215  INFO 13020 --- [restartedMain] c.y.s.springboot.SpringbootApplication   : Started SpringbootApplication in 1.283 seconds (JVM running for 2.329)
2021-04-24 15:20:31.420  INFO 13020 --- [restartedMain] c.y.s.springboot.SpringbootApplication   : Starting SpringbootApplication using Java 1.8.0_221 on LAPTOP-DJA05F95 with PID 13020 (D:\‰∏âÊúü\Êñ∞‰∏âÊúü\0404\springboot\target\classes started by hp in D:\‰∏âÊúü\Êñ∞‰∏âÊúü\0404\springboot)
2021-04-24 15:20:31.420  INFO 13020 --- [restartedMain] c.y.s.springboot.SpringbootApplication   : No active profile set, falling back to default profiles: default
2021-04-24 15:20:31.640  INFO 13020 --- [restartedMain] c.y.s.springboot.SpringbootApplication   : Started SpringbootApplication in 0.243 seconds (JVM running for 694.755)
2021-04-24 15:20:35.043  INFO 22848 --- [restartedMain] c.y.s.springboot.SpringbootApplication   : Starting SpringbootApplication using Java 1.8.0_221 on LAPTOP-DJA05F95 with PID 22848 (D:\‰∏âÊúü\Êñ∞‰∏âÊúü\0404\springboot\target\classes started by hp in D:\‰∏âÊúü\Êñ∞‰∏âÊúü\0404\springboot)
2021-04-24 15:20:35.046  INFO 22848 --- [restartedMain] c.y.s.springboot.SpringbootApplication   : No active profile set, falling back to default profiles: default
2021-04-24 15:20:35.971  INFO 22848 --- [restartedMain] c.y.s.springboot.SpringbootApplication   : Started SpringbootApplication in 1.286 seconds (JVM running for 2.338)
2021-04-24 15:22:00.588  INFO 19064 --- [restartedMain] c.y.s.springboot.SpringbootApplication   : Starting SpringbootApplication using Java 1.8.0_221 on LAPTOP-DJA05F95 with PID 19064 (D:\‰∏âÊúü\Êñ∞‰∏âÊúü\0404\springboot\target\classes started by hp in D:\‰∏âÊúü\Êñ∞‰∏âÊúü\0404\springboot)
2021-04-24 15:22:00.590  INFO 19064 --- [restartedMain] c.y.s.springboot.SpringbootApplication   : No active profile set, falling back to default profiles: default
2021-04-24 15:22:01.538  INFO 19064 --- [restartedMain] c.y.s.springboot.SpringbootApplication   : Started SpringbootApplication in 1.303 seconds (JVM running for 2.324)
2021-04-24 15:23:28.517  INFO 17108 --- [restartedMain] c.y.s.springboot.SpringbootApplication   : Starting SpringbootApplication using Java 1.8.0_221 on LAPTOP-DJA05F95 with PID 17108 (D:\‰∏âÊúü\Êñ∞‰∏âÊúü\0404\springboot\target\classes started by hp in D:\‰∏âÊúü\Êñ∞‰∏âÊúü\0404\springboot)
2021-04-24 15:23:28.520  INFO 17108 --- [restartedMain] c.y.s.springboot.SpringbootApplication   : No active profile set, falling back to default profiles: default
2021-04-24 15:23:29.452  INFO 17108 --- [restartedMain] c.y.s.springboot.SpringbootApplication   : Started SpringbootApplication in 1.281 seconds (JVM running for 2.295)
2021-04-24 15:25:06.656  INFO 20080 --- [restartedMain] c.y.s.springboot.SpringbootApplication   : Starting SpringbootApplication using Java 1.8.0_221 on LAPTOP-DJA05F95 with PID 20080 (D:\‰∏âÊúü\Êñ∞‰∏âÊúü\0404\springboot\target\classes started by hp in D:\‰∏âÊúü\Êñ∞‰∏âÊúü\0404\springboot)
2021-04-24 15:25:06.658  INFO 20080 --- [restartedMain] c.y.s.springboot.SpringbootApplication   : No active profile set, falling back to default profiles: default
2021-04-24 15:25:07.606  INFO 20080 --- [restartedMain] c.y.s.springboot.SpringbootApplication   : Started SpringbootApplication in 1.317 seconds (JVM running for 2.326)
2021-04-24 15:34:22.811  INFO 20336 --- [restartedMain] c.y.s.springboot.SpringbootApplication   : Starting SpringbootApplication using Java 1.8.0_221 on LAPTOP-DJA05F95 with PID 20336 (D:\‰∏âÊúü\Êñ∞‰∏âÊúü\0404\springboot\target\classes started by hp in D:\‰∏âÊúü\Êñ∞‰∏âÊúü\0404\springboot)
2021-04-24 15:34:22.813  INFO 20336 --- [restartedMain] c.y.s.springboot.SpringbootApplication   : No active profile set, falling back to default profiles: default
2021-04-24 15:34:23.732  INFO 20336 --- [restartedMain] c.y.s.springboot.SpringbootApplication   : Started SpringbootApplication in 1.303 seconds (JVM running for 2.288)
2021-04-24 15:34:51.090  INFO 18544 --- [main] c.y.s.springboot.SpringbootApplication   : Starting SpringbootApplication using Java 1.8.0_221 on LAPTOP-DJA05F95 with PID 18544 (D:\‰∏âÊúü\Êñ∞‰∏âÊúü\0404\springboot\target\classes started by hp in D:\‰∏âÊúü\Êñ∞‰∏âÊúü\0404\springboot)
2021-04-24 15:34:51.092  INFO 18544 --- [main] c.y.s.springboot.SpringbootApplication   : No active profile set, falling back to default profiles: default
2021-04-24 15:34:51.943  INFO 18544 --- [main] c.y.s.springboot.SpringbootApplication   : Started SpringbootApplication in 1.213 seconds (JVM running for 2.188)
2021-04-24 15:35:08.992  INFO 20828 --- [main] c.y.s.springboot.SpringbootApplication   : Starting SpringbootApplication using Java 1.8.0_221 on LAPTOP-DJA05F95 with PID 20828 (D:\‰∏âÊúü\Êñ∞‰∏âÊúü\0404\springboot\target\classes started by hp in D:\‰∏âÊúü\Êñ∞‰∏âÊúü\0404\springboot)
2021-04-24 15:35:08.994  INFO 20828 --- [main] c.y.s.springboot.SpringbootApplication   : No active profile set, falling back to default profiles: default
2021-04-24 15:35:09.875  INFO 20828 --- [main] c.y.s.springboot.SpringbootApplication   : Started SpringbootApplication in 1.237 seconds (JVM running for 2.18)
2021-04-24 15:35:34.015  INFO 20828 --- [http-nio-8080-exec-1] com.yc.spring.springboot.Hello           : ********info*********
2021-04-24 15:35:34.015 ERROR 20828 --- [http-nio-8080-exec-1] com.yc.spring.springboot.Hello           : ********error*********
2021-04-24 15:35:34.015 ERROR 20828 --- [http-nio-8080-exec-1] com.yc.spring.springboot.Hello           : ********fatal*********
2021-04-24 15:36:22.001  INFO 20828 --- [http-nio-8080-exec-2] com.yc.spring.springboot.Hello           : ********info*********
2021-04-24 15:36:22.002 ERROR 20828 --- [http-nio-8080-exec-2] com.yc.spring.springboot.Hello           : ********error*********
2021-04-24 15:36:22.002 ERROR 20828 --- [http-nio-8080-exec-2] com.yc.spring.springboot.Hello           : ********fatal*********
2021-04-24 15:36:24.597  INFO 20828 --- [http-nio-8080-exec-7] com.yc.spring.springboot.Hello           : ********info*********
2021-04-24 15:36:24.597 ERROR 20828 --- [http-nio-8080-exec-7] com.yc.spring.springboot.Hello           : ********error*********
2021-04-24 15:36:24.597 ERROR 20828 --- [http-nio-8080-exec-7] com.yc.spring.springboot.Hello           : ********fatal*********
2021-04-24 15:42:22.658  INFO 2764 --- [main] c.y.s.springboot.SpringbootApplication   : Starting SpringbootApplication using Java 1.8.0_221 on LAPTOP-DJA05F95 with PID 2764 (D:\‰∏âÊúü\Êñ∞‰∏âÊúü\0404\springboot\target\classes started by hp in D:\‰∏âÊúü\Êñ∞‰∏âÊúü\0404\springboot)
2021-04-24 15:42:22.660  INFO 2764 --- [main] c.y.s.springboot.SpringbootApplication   : No active profile set, falling back to default profiles: default
2021-04-24 15:42:23.343 ERROR 2764 --- [main] o.s.boot.SpringApplication               : Application run failed

org.springframework.beans.factory.BeanCreationException: Error creating bean with name 'hello': Injection of autowired dependencies failed; nested exception is java.lang.IllegalArgumentException: Could not resolve placeholder 'yc.tname' in value "${yc.tname}"
	at org.springframework.beans.factory.annotation.AutowiredAnnotationBeanPostProcessor.postProcessProperties(AutowiredAnnotationBeanPostProcessor.java:405) ~[spring-beans-5.3.6.jar:5.3.6]
	at org.springframework.beans.factory.support.AbstractAutowireCapableBeanFactory.populateBean(AbstractAutowireCapableBeanFactory.java:1413) ~[spring-beans-5.3.6.jar:5.3.6]
	at org.springframework.beans.factory.support.AbstractAutowireCapableBeanFactory.doCreateBean(AbstractAutowireCapableBeanFactory.java:601) ~[spring-beans-5.3.6.jar:5.3.6]
	at org.springframework.beans.factory.support.AbstractAutowireCapableBeanFactory.createBean(AbstractAutowireCapableBeanFactory.java:524) ~[spring-beans-5.3.6.jar:5.3.6]
	at org.springframework.beans.factory.support.AbstractBeanFactory.lambda$doGetBean$0(AbstractBeanFactory.java:335) ~[spring-beans-5.3.6.jar:5.3.6]
	at org.springframework.beans.factory.support.DefaultSingletonBeanRegistry.getSingleton(DefaultSingletonBeanRegistry.java:234) ~[spring-beans-5.3.6.jar:5.3.6]
	at org.springframework.beans.factory.support.AbstractBeanFactory.doGetBean(AbstractBeanFactory.java:333) ~[spring-beans-5.3.6.jar:5.3.6]
	at org.springframework.beans.factory.support.AbstractBeanFactory.getBean(AbstractBeanFactory.java:208) ~[spring-beans-5.3.6.jar:5.3.6]
	at org.springframework.beans.factory.support.DefaultListableBeanFactory.preInstantiateSingletons(DefaultListableBeanFactory.java:944) ~[spring-beans-5.3.6.jar:5.3.6]
	at org.springframework.context.support.AbstractApplicationContext.finishBeanFactoryInitialization(AbstractApplicationContext.java:918) ~[spring-context-5.3.6.jar:5.3.6]
	at org.springframework.context.support.AbstractApplicationContext.refresh(AbstractApplicationContext.java:583) ~[spring-context-5.3.6.jar:5.3.6]
	at org.springframework.boot.web.servlet.context.ServletWebServerApplicationContext.refresh(ServletWebServerApplicationContext.java:144) ~[spring-boot-2.4.5.jar:2.4.5]
	at org.springframework.boot.SpringApplication.refresh(SpringApplication.java:782) [spring-boot-2.4.5.jar:2.4.5]
	at org.springframework.boot.SpringApplication.refresh(SpringApplication.java:774) [spring-boot-2.4.5.jar:2.4.5]
	at org.springframework.boot.SpringApplication.refreshContext(SpringApplication.java:439) [spring-boot-2.4.5.jar:2.4.5]
	at org.springframework.boot.SpringApplication.run(SpringApplication.java:339) [spring-boot-2.4.5.jar:2.4.5]
	at org.springframework.boot.SpringApplication.run(SpringApplication.java:1340) [spring-boot-2.4.5.jar:2.4.5]
	at org.springframework.boot.SpringApplication.run(SpringApplication.java:1329) [spring-boot-2.4.5.jar:2.4.5]
	at com.yc.spring.springboot.SpringbootApplication.main(SpringbootApplication.java:9) [classes/:na]
Caused by: java.lang.IllegalArgumentException: Could not resolve placeholder 'yc.tname' in value "${yc.tname}"
	at org.springframework.util.PropertyPlaceholderHelper.parseStringValue(PropertyPlaceholderHelper.java:178) ~[spring-core-5.3.6.jar:5.3.6]
	at org.springframework.util.PropertyPlaceholderHelper.replacePlaceholders(PropertyPlaceholderHelper.java:124) ~[spring-core-5.3.6.jar:5.3.6]
	at org.springframework.core.env.AbstractPropertyResolver.doResolvePlaceholders(AbstractPropertyResolver.java:239) ~[spring-core-5.3.6.jar:5.3.6]
	at org.springframework.core.env.AbstractPropertyResolver.resolveRequiredPlaceholders(AbstractPropertyResolver.java:210) ~[spring-core-5.3.6.jar:5.3.6]
	at org.springframework.context.support.PropertySourcesPlaceholderConfigurer.lambda$processProperties$0(PropertySourcesPlaceholderConfigurer.java:175) ~[spring-context-5.3.6.jar:5.3.6]
	at org.springframework.beans.factory.support.AbstractBeanFactory.resolveEmbeddedValue(AbstractBeanFactory.java:936) ~[spring-beans-5.3.6.jar:5.3.6]
	at org.springframework.beans.factory.support.DefaultListableBeanFactory.doResolveDependency(DefaultListableBeanFactory.java:1321) ~[spring-beans-5.3.6.jar:5.3.6]
	at org.springframework.beans.factory.support.DefaultListableBeanFactory.resolveDependency(DefaultListableBeanFactory.java:1300) ~[spring-beans-5.3.6.jar:5.3.6]
	at org.springframework.beans.factory.annotation.AutowiredAnnotationBeanPostProcessor$AutowiredFieldElement.resolveFieldValue(AutowiredAnnotationBeanPostProcessor.java:657) ~[spring-beans-5.3.6.jar:5.3.6]
	at org.springframework.beans.factory.annotation.AutowiredAnnotationBeanPostProcessor$AutowiredFieldElement.inject(AutowiredAnnotationBeanPostProcessor.java:640) ~[spring-beans-5.3.6.jar:5.3.6]
	at org.springframework.beans.factory.annotation.InjectionMetadata.inject(InjectionMetadata.java:119) ~[spring-beans-5.3.6.jar:5.3.6]
	at org.springframework.beans.factory.annotation.AutowiredAnnotationBeanPostProcessor.postProcessProperties(AutowiredAnnotationBeanPostProcessor.java:399) ~[spring-beans-5.3.6.jar:5.3.6]
	... 18 common frames omitted

2021-04-24 15:42:56.486  INFO 4704 --- [main] c.y.s.springboot.SpringbootApplication   : Starting SpringbootApplication using Java 1.8.0_221 on LAPTOP-DJA05F95 with PID 4704 (D:\‰∏âÊúü\Êñ∞‰∏âÊúü\0404\springboot\target\classes started by hp in D:\‰∏âÊúü\Êñ∞‰∏âÊúü\0404\springboot)
2021-04-24 15:42:56.488  INFO 4704 --- [main] c.y.s.springboot.SpringbootApplication   : No active profile set, falling back to default profiles: default
2021-04-24 15:42:57.343  INFO 4704 --- [main] c.y.s.springboot.SpringbootApplication   : Started SpringbootApplication in 1.225 seconds (JVM running for 2.208)
2021-04-24 15:43:04.752  INFO 4704 --- [http-nio-8080-exec-1] com.yc.spring.springboot.Hello           : ********info*********
2021-04-24 15:43:04.752 ERROR 4704 --- [http-nio-8080-exec-1] com.yc.spring.springboot.Hello           : ********error*********
2021-04-24 15:43:04.752 ERROR 4704 --- [http-nio-8080-exec-1] com.yc.spring.springboot.Hello           : ********fatal*********
2021-04-24 15:43:04.752  INFO 4704 --- [http-nio-8080-exec-1] com.yc.spring.springboot.Hello           : Á≥ªÁªüÁéØÂ¢ÉÂèòÈáè‰ø°ÊÅØÂ¶Ç‰∏ãÔºöStandardServletEnvironment {activeProfiles=[], defaultProfiles=[default], propertySources=[MapPropertySource {name='server.ports'}, ConfigurationPropertySourcesPropertySource {name='configurationProperties'}, StubPropertySource {name='servletConfigInitParams'}, ServletContextPropertySource {name='servletContextInitParams'}, PropertiesPropertySource {name='systemProperties'}, OriginAwareSystemEnvironmentPropertySource {name='systemEnvironment'}, RandomValuePropertySource {name='random'}, OriginTrackedMapPropertySource {name='Config resource 'class path resource [application.yml]' via location 'optional:classpath:/''}]}
2021-04-24 15:43:04.752  INFO 4704 --- [http-nio-8080-exec-1] com.yc.spring.springboot.Hello           : Áî®Êà∑Ë∑ØÂæÑÔºöC:\Users\hp
2021-04-24 15:43:04.752  INFO 4704 --- [http-nio-8080-exec-1] com.yc.spring.springboot.Hello           : C:\Program Files\Java\jdk1.8.0_221
2021-04-24 15:43:04.752  INFO 4704 --- [http-nio-8080-exec-1] com.yc.spring.springboot.Hello           : yc.tnameÔºözy
2021-04-24 15:44:05.119  INFO 22728 --- [restartedMain] c.y.s.springboot.SpringbootApplication   : Starting SpringbootApplication using Java 1.8.0_221 on LAPTOP-DJA05F95 with PID 22728 (D:\‰∏âÊúü\Êñ∞‰∏âÊúü\0404\springboot\target\classes started by hp in D:\‰∏âÊúü\Êñ∞‰∏âÊúü\0404\springboot)
2021-04-24 15:44:05.121  INFO 22728 --- [restartedMain] c.y.s.springboot.SpringbootApplication   : No active profile set, falling back to default profiles: default
2021-04-24 15:44:06.054  INFO 22728 --- [restartedMain] c.y.s.springboot.SpringbootApplication   : Started SpringbootApplication in 1.301 seconds (JVM running for 2.317)
2021-04-24 15:44:08.730  INFO 22728 --- [http-nio-8080-exec-1] com.yc.spring.springboot.Hello           : ********info*********
2021-04-24 15:44:08.730 ERROR 22728 --- [http-nio-8080-exec-1] com.yc.spring.springboot.Hello           : ********error*********
2021-04-24 15:44:08.730 ERROR 22728 --- [http-nio-8080-exec-1] com.yc.spring.springboot.Hello           : ********fatal*********
2021-04-24 15:44:08.731  INFO 22728 --- [http-nio-8080-exec-1] com.yc.spring.springboot.Hello           : Á≥ªÁªüÁéØÂ¢ÉÂèòÈáè‰ø°ÊÅØÂ¶Ç‰∏ãÔºöStandardServletEnvironment {activeProfiles=[], defaultProfiles=[default], propertySources=[MapPropertySource {name='server.ports'}, ConfigurationPropertySourcesPropertySource {name='configurationProperties'}, StubPropertySource {name='servletConfigInitParams'}, ServletContextPropertySource {name='servletContextInitParams'}, PropertiesPropertySource {name='systemProperties'}, OriginAwareSystemEnvironmentPropertySource {name='systemEnvironment'}, RandomValuePropertySource {name='random'}, OriginTrackedMapPropertySource {name='Config resource 'class path resource [application.yml]' via location 'optional:classpath:/''}, MapPropertySource {name='devtools'}]}
2021-04-24 15:44:08.731  INFO 22728 --- [http-nio-8080-exec-1] com.yc.spring.springboot.Hello           : Áî®Êà∑Ë∑ØÂæÑÔºöC:\Users\hp
2021-04-24 15:44:08.731  INFO 22728 --- [http-nio-8080-exec-1] com.yc.spring.springboot.Hello           : C:\Program Files\Java\jdk1.8.0_221
2021-04-24 15:44:08.731  INFO 22728 --- [http-nio-8080-exec-1] com.yc.spring.springboot.Hello           : yc.tnameÔºözy
2021-04-24 15:44:23.314  INFO 22728 --- [restartedMain] c.y.s.springboot.SpringbootApplication   : Starting SpringbootApplication using Java 1.8.0_221 on LAPTOP-DJA05F95 with PID 22728 (D:\‰∏âÊúü\Êñ∞‰∏âÊúü\0404\springboot\target\classes started by hp in D:\‰∏âÊúü\Êñ∞‰∏âÊúü\0404\springboot)
2021-04-24 15:44:23.314  INFO 22728 --- [restartedMain] c.y.s.springboot.SpringbootApplication   : No active profile set, falling back to default profiles: default
2021-04-24 15:44:23.516  INFO 22728 --- [restartedMain] c.y.s.springboot.SpringbootApplication   : Started SpringbootApplication in 0.225 seconds (JVM running for 19.779)
2021-04-24 15:44:24.866  INFO 22728 --- [http-nio-8080-exec-1] com.yc.spring.springboot.Hello           : ********info*********
2021-04-24 15:44:24.867 ERROR 22728 --- [http-nio-8080-exec-1] com.yc.spring.springboot.Hello           : ********error*********
2021-04-24 15:44:24.867 ERROR 22728 --- [http-nio-8080-exec-1] com.yc.spring.springboot.Hello           : ********fatal*********
2021-04-24 15:44:24.867  INFO 22728 --- [http-nio-8080-exec-1] com.yc.spring.springboot.Hello           : Á≥ªÁªüÁéØÂ¢ÉÂèòÈáè‰ø°ÊÅØÂ¶Ç‰∏ãÔºöStandardServletEnvironment {activeProfiles=[], defaultProfiles=[default], propertySources=[MapPropertySource {name='server.ports'}, ConfigurationPropertySourcesPropertySource {name='configurationProperties'}, StubPropertySource {name='servletConfigInitParams'}, ServletContextPropertySource {name='servletContextInitParams'}, PropertiesPropertySource {name='systemProperties'}, OriginAwareSystemEnvironmentPropertySource {name='systemEnvironment'}, RandomValuePropertySource {name='random'}, OriginTrackedMapPropertySource {name='Config resource 'class path resource [application.yml]' via location 'optional:classpath:/''}, MapPropertySource {name='devtools'}]}
2021-04-24 15:44:24.867  INFO 22728 --- [http-nio-8080-exec-1] com.yc.spring.springboot.Hello           : Áî®Êà∑Ë∑ØÂæÑÔºöC:\Users\hp
2021-04-24 15:44:24.867  INFO 22728 --- [http-nio-8080-exec-1] com.yc.spring.springboot.Hello           : C:\Program Files\Java\jdk1.8.0_221
2021-04-24 15:44:24.867  INFO 22728 --- [http-nio-8080-exec-1] com.yc.spring.springboot.Hello           : yc.tnameÔºözy
2021-04-24 15:44:27.648  INFO 22728 --- [http-nio-8080-exec-2] com.yc.spring.springboot.Hello           : ********info*********
2021-04-24 15:44:27.648 ERROR 22728 --- [http-nio-8080-exec-2] com.yc.spring.springboot.Hello           : ********error*********
2021-04-24 15:44:27.648 ERROR 22728 --- [http-nio-8080-exec-2] com.yc.spring.springboot.Hello           : ********fatal*********
2021-04-24 15:44:27.648  INFO 22728 --- [http-nio-8080-exec-2] com.yc.spring.springboot.Hello           : Á≥ªÁªüÁéØÂ¢ÉÂèòÈáè‰ø°ÊÅØÂ¶Ç‰∏ãÔºöStandardServletEnvironment {activeProfiles=[], defaultProfiles=[default], propertySources=[MapPropertySource {name='server.ports'}, ConfigurationPropertySourcesPropertySource {name='configurationProperties'}, StubPropertySource {name='servletConfigInitParams'}, ServletContextPropertySource {name='servletContextInitParams'}, PropertiesPropertySource {name='systemProperties'}, OriginAwareSystemEnvironmentPropertySource {name='systemEnvironment'}, RandomValuePropertySource {name='random'}, OriginTrackedMapPropertySource {name='Config resource 'class path resource [application.yml]' via location 'optional:classpath:/''}, MapPropertySource {name='devtools'}]}
2021-04-24 15:44:27.648  INFO 22728 --- [http-nio-8080-exec-2] com.yc.spring.springboot.Hello           : Áî®Êà∑Ë∑ØÂæÑÔºöC:\Users\hp
2021-04-24 15:44:27.649  INFO 22728 --- [http-nio-8080-exec-2] com.yc.spring.springboot.Hello           : C:\Program Files\Java\jdk1.8.0_221
2021-04-24 15:44:27.649  INFO 22728 --- [http-nio-8080-exec-2] com.yc.spring.springboot.Hello           : yc.tnameÔºözy
2021-04-24 15:44:33.717  INFO 22728 --- [restartedMain] c.y.s.springboot.SpringbootApplication   : Starting SpringbootApplication using Java 1.8.0_221 on LAPTOP-DJA05F95 with PID 22728 (D:\‰∏âÊúü\Êñ∞‰∏âÊúü\0404\springboot\target\classes started by hp in D:\‰∏âÊúü\Êñ∞‰∏âÊúü\0404\springboot)
2021-04-24 15:44:33.717  INFO 22728 --- [restartedMain] c.y.s.springboot.SpringbootApplication   : No active profile set, falling back to default profiles: default
2021-04-24 15:44:33.927  INFO 22728 --- [restartedMain] c.y.s.springboot.SpringbootApplication   : Started SpringbootApplication in 0.228 seconds (JVM running for 30.19)
2021-04-24 15:44:35.345  INFO 22728 --- [http-nio-8080-exec-1] com.yc.spring.springboot.Hello           : ********info*********
2021-04-24 15:44:35.346 ERROR 22728 --- [http-nio-8080-exec-1] com.yc.spring.springboot.Hello           : ********error*********
2021-04-24 15:44:35.346 ERROR 22728 --- [http-nio-8080-exec-1] com.yc.spring.springboot.Hello           : ********fatal*********
2021-04-24 15:44:35.347  INFO 22728 --- [http-nio-8080-exec-1] com.yc.spring.springboot.Hello           : Á≥ªÁªüÁéØÂ¢ÉÂèòÈáè‰ø°ÊÅØÂ¶Ç‰∏ãÔºöStandardServletEnvironment {activeProfiles=[], defaultProfiles=[default], propertySources=[MapPropertySource {name='server.ports'}, ConfigurationPropertySourcesPropertySource {name='configurationProperties'}, StubPropertySource {name='servletConfigInitParams'}, ServletContextPropertySource {name='servletContextInitParams'}, PropertiesPropertySource {name='systemProperties'}, OriginAwareSystemEnvironmentPropertySource {name='systemEnvironment'}, RandomValuePropertySource {name='random'}, OriginTrackedMapPropertySource {name='Config resource 'class path resource [application.yml]' via location 'optional:classpath:/''}, MapPropertySource {name='devtools'}]}
2021-04-24 15:44:35.347  INFO 22728 --- [http-nio-8080-exec-1] com.yc.spring.springboot.Hello           : Áî®Êà∑Ë∑ØÂæÑÔºöC:\Users\hp
2021-04-24 15:44:35.347  INFO 22728 --- [http-nio-8080-exec-1] com.yc.spring.springboot.Hello           : C:\Program Files\Java\jdk1.8.0_221
2021-04-24 15:44:35.347  INFO 22728 --- [http-nio-8080-exec-1] com.yc.spring.springboot.Hello           : yc.tnameÔºözy
2021-04-24 15:45:29.311  INFO 19588 --- [restartedMain] c.y.s.springboot.SpringbootApplication   : Starting SpringbootApplication using Java 1.8.0_221 on LAPTOP-DJA05F95 with PID 19588 (D:\‰∏âÊúü\Êñ∞‰∏âÊúü\0404\springboot\target\classes started by hp in D:\‰∏âÊúü\Êñ∞‰∏âÊúü\0404\springboot)
2021-04-24 15:45:29.313  INFO 19588 --- [restartedMain] c.y.s.springboot.SpringbootApplication   : No active profile set, falling back to default profiles: default
2021-04-24 15:45:30.232  INFO 19588 --- [restartedMain] c.y.s.springboot.SpringbootApplication   : Started SpringbootApplication in 1.249 seconds (JVM running for 2.231)
2021-04-24 15:45:33.631  INFO 19588 --- [http-nio-8080-exec-1] com.yc.spring.springboot.Hello           : ********info*********
2021-04-24 15:45:33.631 ERROR 19588 --- [http-nio-8080-exec-1] com.yc.spring.springboot.Hello           : ********error*********
2021-04-24 15:45:33.631 ERROR 19588 --- [http-nio-8080-exec-1] com.yc.spring.springboot.Hello           : ********fatal*********
2021-04-24 15:45:33.631  INFO 19588 --- [http-nio-8080-exec-1] com.yc.spring.springboot.Hello           : Á≥ªÁªüÁéØÂ¢ÉÂèòÈáè‰ø°ÊÅØÂ¶Ç‰∏ãÔºöStandardServletEnvironment {activeProfiles=[], defaultProfiles=[default], propertySources=[MapPropertySource {name='server.ports'}, ConfigurationPropertySourcesPropertySource {name='configurationProperties'}, StubPropertySource {name='servletConfigInitParams'}, ServletContextPropertySource {name='servletContextInitParams'}, PropertiesPropertySource {name='systemProperties'}, OriginAwareSystemEnvironmentPropertySource {name='systemEnvironment'}, RandomValuePropertySource {name='random'}, OriginTrackedMapPropertySource {name='Config resource 'class path resource [application.yml]' via location 'optional:classpath:/''}, MapPropertySource {name='devtools'}]}
2021-04-24 15:45:33.631  INFO 19588 --- [http-nio-8080-exec-1] com.yc.spring.springboot.Hello           : Áî®Êà∑Ë∑ØÂæÑÔºöC:\Users\hp
2021-04-24 15:45:33.631  INFO 19588 --- [http-nio-8080-exec-1] com.yc.spring.springboot.Hello           : C:\Program Files\Java\jdk1.8.0_221
2021-04-24 15:45:33.631  INFO 19588 --- [http-nio-8080-exec-1] com.yc.spring.springboot.Hello           : yc.tnameÔºözy
2021-04-24 15:45:48.483  INFO 19588 --- [restartedMain] c.y.s.springboot.SpringbootApplication   : Starting SpringbootApplication using Java 1.8.0_221 on LAPTOP-DJA05F95 with PID 19588 (D:\‰∏âÊúü\Êñ∞‰∏âÊúü\0404\springboot\target\classes started by hp in D:\‰∏âÊúü\Êñ∞‰∏âÊúü\0404\springboot)
2021-04-24 15:45:48.483  INFO 19588 --- [restartedMain] c.y.s.springboot.SpringbootApplication   : No active profile set, falling back to default profiles: default
2021-04-24 15:45:48.656  INFO 19588 --- [restartedMain] c.y.s.springboot.SpringbootApplication   : Started SpringbootApplication in 0.196 seconds (JVM running for 20.655)
2021-04-24 15:45:53.797  INFO 19588 --- [http-nio-8080-exec-2] com.yc.spring.springboot.Hello           : ********info*********
2021-04-24 15:45:53.798 ERROR 19588 --- [http-nio-8080-exec-2] com.yc.spring.springboot.Hello           : ********error*********
2021-04-24 15:45:53.798 ERROR 19588 --- [http-nio-8080-exec-2] com.yc.spring.springboot.Hello           : ********fatal*********
2021-04-24 15:45:53.798  INFO 19588 --- [http-nio-8080-exec-2] com.yc.spring.springboot.Hello           : Á≥ªÁªüÁéØÂ¢ÉÂèòÈáè‰ø°ÊÅØÂ¶Ç‰∏ãÔºöStandardServletEnvironment {activeProfiles=[], defaultProfiles=[default], propertySources=[MapPropertySource {name='server.ports'}, ConfigurationPropertySourcesPropertySource {name='configurationProperties'}, StubPropertySource {name='servletConfigInitParams'}, ServletContextPropertySource {name='servletContextInitParams'}, PropertiesPropertySource {name='systemProperties'}, OriginAwareSystemEnvironmentPropertySource {name='systemEnvironment'}, RandomValuePropertySource {name='random'}, OriginTrackedMapPropertySource {name='Config resource 'class path resource [application.yml]' via location 'optional:classpath:/''}, MapPropertySource {name='devtools'}]}
2021-04-24 15:45:53.798  INFO 19588 --- [http-nio-8080-exec-2] com.yc.spring.springboot.Hello           : Áî®Êà∑Ë∑ØÂæÑÔºöC:\Users\hp
2021-04-24 15:45:53.798  INFO 19588 --- [http-nio-8080-exec-2] com.yc.spring.springboot.Hello           : C:\Program Files\Java\jdk1.8.0_221
2021-04-24 15:45:53.798  INFO 19588 --- [http-nio-8080-exec-2] com.yc.spring.springboot.Hello           : yc.tnameÔºözy
2021-04-24 15:47:53.974  INFO 1932 --- [main] c.y.s.springboot.SpringbootApplication   : Starting SpringbootApplication using Java 1.8.0_221 on LAPTOP-DJA05F95 with PID 1932 (D:\‰∏âÊúü\Êñ∞‰∏âÊúü\0404\springboot\target\classes started by hp in D:\‰∏âÊúü\Êñ∞‰∏âÊúü\0404\springboot)
2021-04-24 15:47:53.976  INFO 1932 --- [main] c.y.s.springboot.SpringbootApplication   : No active profile set, falling back to default profiles: default
2021-04-24 15:47:54.834  INFO 1932 --- [main] c.y.s.springboot.SpringbootApplication   : Started SpringbootApplication in 1.203 seconds (JVM running for 2.163)
2021-04-24 15:47:56.215  INFO 1932 --- [http-nio-8080-exec-1] com.yc.spring.springboot.Hello           : ********info*********
2021-04-24 15:47:56.216 ERROR 1932 --- [http-nio-8080-exec-1] com.yc.spring.springboot.Hello           : ********error*********
2021-04-24 15:47:56.216 ERROR 1932 --- [http-nio-8080-exec-1] com.yc.spring.springboot.Hello           : ********fatal*********
2021-04-24 15:47:56.216  INFO 1932 --- [http-nio-8080-exec-1] com.yc.spring.springboot.Hello           : Á≥ªÁªüÁéØÂ¢ÉÂèòÈáè‰ø°ÊÅØÂ¶Ç‰∏ãÔºöStandardServletEnvironment {activeProfiles=[], defaultProfiles=[default], propertySources=[MapPropertySource {name='server.ports'}, ConfigurationPropertySourcesPropertySource {name='configurationProperties'}, StubPropertySource {name='servletConfigInitParams'}, ServletContextPropertySource {name='servletContextInitParams'}, PropertiesPropertySource {name='systemProperties'}, OriginAwareSystemEnvironmentPropertySource {name='systemEnvironment'}, RandomValuePropertySource {name='random'}, OriginTrackedMapPropertySource {name='Config resource 'class path resource [application.yml]' via location 'optional:classpath:/''}]}
2021-04-24 15:47:56.216  INFO 1932 --- [http-nio-8080-exec-1] com.yc.spring.springboot.Hello           : Áî®Êà∑Ë∑ØÂæÑÔºöC:\Users\hp
2021-04-24 15:47:56.216  INFO 1932 --- [http-nio-8080-exec-1] com.yc.spring.springboot.Hello           : C:\Program Files\Java\jdk1.8.0_221
2021-04-24 15:47:56.216  INFO 1932 --- [http-nio-8080-exec-1] com.yc.spring.springboot.Hello           : yc.tnameÔºözy
2021-04-24 15:47:58.529  INFO 1932 --- [http-nio-8080-exec-2] com.yc.spring.springboot.Hello           : ********info*********
2021-04-24 15:47:58.529 ERROR 1932 --- [http-nio-8080-exec-2] com.yc.spring.springboot.Hello           : ********error*********
2021-04-24 15:47:58.529 ERROR 1932 --- [http-nio-8080-exec-2] com.yc.spring.springboot.Hello           : ********fatal*********
2021-04-24 15:47:58.529  INFO 1932 --- [http-nio-8080-exec-2] com.yc.spring.springboot.Hello           : Á≥ªÁªüÁéØÂ¢ÉÂèòÈáè‰ø°ÊÅØÂ¶Ç‰∏ãÔºöStandardServletEnvironment {activeProfiles=[], defaultProfiles=[default], propertySources=[MapPropertySource {name='server.ports'}, ConfigurationPropertySourcesPropertySource {name='configurationProperties'}, StubPropertySource {name='servletConfigInitParams'}, ServletContextPropertySource {name='servletContextInitParams'}, PropertiesPropertySource {name='systemProperties'}, OriginAwareSystemEnvironmentPropertySource {name='systemEnvironment'}, RandomValuePropertySource {name='random'}, OriginTrackedMapPropertySource {name='Config resource 'class path resource [application.yml]' via location 'optional:classpath:/''}]}
2021-04-24 15:47:58.529  INFO 1932 --- [http-nio-8080-exec-2] com.yc.spring.springboot.Hello           : Áî®Êà∑Ë∑ØÂæÑÔºöC:\Users\hp
2021-04-24 15:47:58.529  INFO 1932 --- [http-nio-8080-exec-2] com.yc.spring.springboot.Hello           : C:\Program Files\Java\jdk1.8.0_221
2021-04-24 15:47:58.529  INFO 1932 --- [http-nio-8080-exec-2] com.yc.spring.springboot.Hello           : yc.tnameÔºözy
2021-04-24 15:48:18.446  INFO 1932 --- [http-nio-8080-exec-5] com.yc.spring.springboot.Hello           : ********info*********
2021-04-24 15:48:18.446 ERROR 1932 --- [http-nio-8080-exec-5] com.yc.spring.springboot.Hello           : ********error*********
2021-04-24 15:48:18.446 ERROR 1932 --- [http-nio-8080-exec-5] com.yc.spring.springboot.Hello           : ********fatal*********
2021-04-24 15:48:18.446  INFO 1932 --- [http-nio-8080-exec-5] com.yc.spring.springboot.Hello           : Á≥ªÁªüÁéØÂ¢ÉÂèòÈáè‰ø°ÊÅØÂ¶Ç‰∏ãÔºöStandardServletEnvironment {activeProfiles=[], defaultProfiles=[default], propertySources=[MapPropertySource {name='server.ports'}, ConfigurationPropertySourcesPropertySource {name='configurationProperties'}, StubPropertySource {name='servletConfigInitParams'}, ServletContextPropertySource {name='servletContextInitParams'}, PropertiesPropertySource {name='systemProperties'}, OriginAwareSystemEnvironmentPropertySource {name='systemEnvironment'}, RandomValuePropertySource {name='random'}, OriginTrackedMapPropertySource {name='Config resource 'class path resource [application.yml]' via location 'optional:classpath:/''}]}
2021-04-24 15:48:18.446  INFO 1932 --- [http-nio-8080-exec-5] com.yc.spring.springboot.Hello           : Áî®Êà∑Ë∑ØÂæÑÔºöC:\Users\hp
2021-04-24 15:48:18.446  INFO 1932 --- [http-nio-8080-exec-5] com.yc.spring.springboot.Hello           : C:\Program Files\Java\jdk1.8.0_221
2021-04-24 15:48:18.446  INFO 1932 --- [http-nio-8080-exec-5] com.yc.spring.springboot.Hello           : yc.tnameÔºözy
2021-04-24 15:48:19.365  INFO 1932 --- [http-nio-8080-exec-8] com.yc.spring.springboot.Hello           : ********info*********
2021-04-24 15:48:19.365 ERROR 1932 --- [http-nio-8080-exec-8] com.yc.spring.springboot.Hello           : ********error*********
2021-04-24 15:48:19.365 ERROR 1932 --- [http-nio-8080-exec-8] com.yc.spring.springboot.Hello           : ********fatal*********
2021-04-24 15:48:19.365  INFO 1932 --- [http-nio-8080-exec-8] com.yc.spring.springboot.Hello           : Á≥ªÁªüÁéØÂ¢ÉÂèòÈáè‰ø°ÊÅØÂ¶Ç‰∏ãÔºöStandardServletEnvironment {activeProfiles=[], defaultProfiles=[default], propertySources=[MapPropertySource {name='server.ports'}, ConfigurationPropertySourcesPropertySource {name='configurationProperties'}, StubPropertySource {name='servletConfigInitParams'}, ServletContextPropertySource {name='servletContextInitParams'}, PropertiesPropertySource {name='systemProperties'}, OriginAwareSystemEnvironmentPropertySource {name='systemEnvironment'}, RandomValuePropertySource {name='random'}, OriginTrackedMapPropertySource {name='Config resource 'class path resource [application.yml]' via location 'optional:classpath:/''}]}
2021-04-24 15:48:19.366  INFO 1932 --- [http-nio-8080-exec-8] com.yc.spring.springboot.Hello           : Áî®Êà∑Ë∑ØÂæÑÔºöC:\Users\hp
2021-04-24 15:48:19.366  INFO 1932 --- [http-nio-8080-exec-8] com.yc.spring.springboot.Hello           : C:\Program Files\Java\jdk1.8.0_221
2021-04-24 15:48:19.366  INFO 1932 --- [http-nio-8080-exec-8] com.yc.spring.springboot.Hello           : yc.tnameÔºözy
2021-04-24 15:48:19.528  INFO 1932 --- [http-nio-8080-exec-3] com.yc.spring.springboot.Hello           : ********info*********
2021-04-24 15:48:19.528 ERROR 1932 --- [http-nio-8080-exec-3] com.yc.spring.springboot.Hello           : ********error*********
2021-04-24 15:48:19.528 ERROR 1932 --- [http-nio-8080-exec-3] com.yc.spring.springboot.Hello           : ********fatal*********
2021-04-24 15:48:19.528  INFO 1932 --- [http-nio-8080-exec-3] com.yc.spring.springboot.Hello           : Á≥ªÁªüÁéØÂ¢ÉÂèòÈáè‰ø°ÊÅØÂ¶Ç‰∏ãÔºöStandardServletEnvironment {activeProfiles=[], defaultProfiles=[default], propertySources=[MapPropertySource {name='server.ports'}, ConfigurationPropertySourcesPropertySource {name='configurationProperties'}, StubPropertySource {name='servletConfigInitParams'}, ServletContextPropertySource {name='servletContextInitParams'}, PropertiesPropertySource {name='systemProperties'}, OriginAwareSystemEnvironmentPropertySource {name='systemEnvironment'}, RandomValuePropertySource {name='random'}, OriginTrackedMapPropertySource {name='Config resource 'class path resource [application.yml]' via location 'optional:classpath:/''}]}
2021-04-24 15:48:19.529  INFO 1932 --- [http-nio-8080-exec-3] com.yc.spring.springboot.Hello           : Áî®Êà∑Ë∑ØÂæÑÔºöC:\Users\hp
2021-04-24 15:48:19.529  INFO 1932 --- [http-nio-8080-exec-3] com.yc.spring.springboot.Hello           : C:\Program Files\Java\jdk1.8.0_221
2021-04-24 15:48:19.529  INFO 1932 --- [http-nio-8080-exec-3] com.yc.spring.springboot.Hello           : yc.tnameÔºözy
2021-04-24 15:48:29.510  INFO 1932 --- [http-nio-8080-exec-6] com.yc.spring.springboot.Hello           : ********info*********
2021-04-24 15:48:29.510 ERROR 1932 --- [http-nio-8080-exec-6] com.yc.spring.springboot.Hello           : ********error*********
2021-04-24 15:48:29.510 ERROR 1932 --- [http-nio-8080-exec-6] com.yc.spring.springboot.Hello           : ********fatal*********
2021-04-24 15:48:29.510  INFO 1932 --- [http-nio-8080-exec-6] com.yc.spring.springboot.Hello           : Á≥ªÁªüÁéØÂ¢ÉÂèòÈáè‰ø°ÊÅØÂ¶Ç‰∏ãÔºöStandardServletEnvironment {activeProfiles=[], defaultProfiles=[default], propertySources=[MapPropertySource {name='server.ports'}, ConfigurationPropertySourcesPropertySource {name='configurationProperties'}, StubPropertySource {name='servletConfigInitParams'}, ServletContextPropertySource {name='servletContextInitParams'}, PropertiesPropertySource {name='systemProperties'}, OriginAwareSystemEnvironmentPropertySource {name='systemEnvironment'}, RandomValuePropertySource {name='random'}, OriginTrackedMapPropertySource {name='Config resource 'class path resource [application.yml]' via location 'optional:classpath:/''}]}
2021-04-24 15:48:29.510  INFO 1932 --- [http-nio-8080-exec-6] com.yc.spring.springboot.Hello           : Áî®Êà∑Ë∑ØÂæÑÔºöC:\Users\hp
2021-04-24 15:48:29.510  INFO 1932 --- [http-nio-8080-exec-6] com.yc.spring.springboot.Hello           : C:\Program Files\Java\jdk1.8.0_221
2021-04-24 15:48:29.510  INFO 1932 --- [http-nio-8080-exec-6] com.yc.spring.springboot.Hello           : yc.tnameÔºözy
2021-04-24 15:48:29.662  INFO 1932 --- [http-nio-8080-exec-7] com.yc.spring.springboot.Hello           : ********info*********
2021-04-24 15:48:29.662 ERROR 1932 --- [http-nio-8080-exec-7] com.yc.spring.springboot.Hello           : ********error*********
2021-04-24 15:48:29.662 ERROR 1932 --- [http-nio-8080-exec-7] com.yc.spring.springboot.Hello           : ********fatal*********
2021-04-24 15:48:29.662  INFO 1932 --- [http-nio-8080-exec-7] com.yc.spring.springboot.Hello           : Á≥ªÁªüÁéØÂ¢ÉÂèòÈáè‰ø°ÊÅØÂ¶Ç‰∏ãÔºöStandardServletEnvironment {activeProfiles=[], defaultProfiles=[default], propertySources=[MapPropertySource {name='server.ports'}, ConfigurationPropertySourcesPropertySource {name='configurationProperties'}, StubPropertySource {name='servletConfigInitParams'}, ServletContextPropertySource {name='servletContextInitParams'}, PropertiesPropertySource {name='systemProperties'}, OriginAwareSystemEnvironmentPropertySource {name='systemEnvironment'}, RandomValuePropertySource {name='random'}, OriginTrackedMapPropertySource {name='Config resource 'class path resource [application.yml]' via location 'optional:classpath:/''}]}
2021-04-24 15:48:29.662  INFO 1932 --- [http-nio-8080-exec-7] com.yc.spring.springboot.Hello           : Áî®Êà∑Ë∑ØÂæÑÔºöC:\Users\hp
2021-04-24 15:48:29.662  INFO 1932 --- [http-nio-8080-exec-7] com.yc.spring.springboot.Hello           : C:\Program Files\Java\jdk1.8.0_221
2021-04-24 15:48:29.662  INFO 1932 --- [http-nio-8080-exec-7] com.yc.spring.springboot.Hello           : yc.tnameÔºözy
2021-04-24 15:48:29.833  INFO 1932 --- [http-nio-8080-exec-4] com.yc.spring.springboot.Hello           : ********info*********
2021-04-24 15:48:29.833 ERROR 1932 --- [http-nio-8080-exec-4] com.yc.spring.springboot.Hello           : ********error*********
2021-04-24 15:48:29.833 ERROR 1932 --- [http-nio-8080-exec-4] com.yc.spring.springboot.Hello           : ********fatal*********
2021-04-24 15:48:29.834  INFO 1932 --- [http-nio-8080-exec-4] com.yc.spring.springboot.Hello           : Á≥ªÁªüÁéØÂ¢ÉÂèòÈáè‰ø°ÊÅØÂ¶Ç‰∏ãÔºöStandardServletEnvironment {activeProfiles=[], defaultProfiles=[default], propertySources=[MapPropertySource {name='server.ports'}, ConfigurationPropertySourcesPropertySource {name='configurationProperties'}, StubPropertySource {name='servletConfigInitParams'}, ServletContextPropertySource {name='servletContextInitParams'}, PropertiesPropertySource {name='systemProperties'}, OriginAwareSystemEnvironmentPropertySource {name='systemEnvironment'}, RandomValuePropertySource {name='random'}, OriginTrackedMapPropertySource {name='Config resource 'class path resource [application.yml]' via location 'optional:classpath:/''}]}
2021-04-24 15:48:29.834  INFO 1932 --- [http-nio-8080-exec-4] com.yc.spring.springboot.Hello           : Áî®Êà∑Ë∑ØÂæÑÔºöC:\Users\hp
2021-04-24 15:48:29.834  INFO 1932 --- [http-nio-8080-exec-4] com.yc.spring.springboot.Hello           : C:\Program Files\Java\jdk1.8.0_221
2021-04-24 15:48:29.834  INFO 1932 --- [http-nio-8080-exec-4] com.yc.spring.springboot.Hello           : yc.tnameÔºözy
2021-04-24 15:48:46.617  INFO 1932 --- [http-nio-8080-exec-9] com.yc.spring.springboot.Hello           : ********info*********
2021-04-24 15:48:46.617 ERROR 1932 --- [http-nio-8080-exec-9] com.yc.spring.springboot.Hello           : ********error*********
2021-04-24 15:48:46.617 ERROR 1932 --- [http-nio-8080-exec-9] com.yc.spring.springboot.Hello           : ********fatal*********
2021-04-24 15:48:46.617  INFO 1932 --- [http-nio-8080-exec-9] com.yc.spring.springboot.Hello           : Á≥ªÁªüÁéØÂ¢ÉÂèòÈáè‰ø°ÊÅØÂ¶Ç‰∏ãÔºöStandardServletEnvironment {activeProfiles=[], defaultProfiles=[default], propertySources=[MapPropertySource {name='server.ports'}, ConfigurationPropertySourcesPropertySource {name='configurationProperties'}, StubPropertySource {name='servletConfigInitParams'}, ServletContextPropertySource {name='servletContextInitParams'}, PropertiesPropertySource {name='systemProperties'}, OriginAwareSystemEnvironmentPropertySource {name='systemEnvironment'}, RandomValuePropertySource {name='random'}, OriginTrackedMapPropertySource {name='Config resource 'class path resource [application.yml]' via location 'optional:classpath:/''}]}
2021-04-24 15:48:46.617  INFO 1932 --- [http-nio-8080-exec-9] com.yc.spring.springboot.Hello           : Áî®Êà∑Ë∑ØÂæÑÔºöC:\Users\hp
2021-04-24 15:48:46.617  INFO 1932 --- [http-nio-8080-exec-9] com.yc.spring.springboot.Hello           : C:\Program Files\Java\jdk1.8.0_221
2021-04-24 15:48:46.618  INFO 1932 --- [http-nio-8080-exec-9] com.yc.spring.springboot.Hello           : yc.tnameÔºözy
2021-04-24 15:48:47.303  INFO 1932 --- [http-nio-8080-exec-10] com.yc.spring.springboot.Hello           : ********info*********
2021-04-24 15:48:47.303 ERROR 1932 --- [http-nio-8080-exec-10] com.yc.spring.springboot.Hello           : ********error*********
2021-04-24 15:48:47.303 ERROR 1932 --- [http-nio-8080-exec-10] com.yc.spring.springboot.Hello           : ********fatal*********
2021-04-24 15:48:47.303  INFO 1932 --- [http-nio-8080-exec-10] com.yc.spring.springboot.Hello           : Á≥ªÁªüÁéØÂ¢ÉÂèòÈáè‰ø°ÊÅØÂ¶Ç‰∏ãÔºöStandardServletEnvironment {activeProfiles=[], defaultProfiles=[default], propertySources=[MapPropertySource {name='server.ports'}, ConfigurationPropertySourcesPropertySource {name='configurationProperties'}, StubPropertySource {name='servletConfigInitParams'}, ServletContextPropertySource {name='servletContextInitParams'}, PropertiesPropertySource {name='systemProperties'}, OriginAwareSystemEnvironmentPropertySource {name='systemEnvironment'}, RandomValuePropertySource {name='random'}, OriginTrackedMapPropertySource {name='Config resource 'class path resource [application.yml]' via location 'optional:classpath:/''}]}
2021-04-24 15:48:47.303  INFO 1932 --- [http-nio-8080-exec-10] com.yc.spring.springboot.Hello           : Áî®Êà∑Ë∑ØÂæÑÔºöC:\Users\hp
2021-04-24 15:48:47.303  INFO 1932 --- [http-nio-8080-exec-10] com.yc.spring.springboot.Hello           : C:\Program Files\Java\jdk1.8.0_221
2021-04-24 15:48:47.303  INFO 1932 --- [http-nio-8080-exec-10] com.yc.spring.springboot.Hello           : yc.tnameÔºözy
2021-04-24 15:50:16.627  INFO 22164 --- [restartedMain] c.y.s.springboot.SpringbootApplication   : Starting SpringbootApplication using Java 1.8.0_221 on LAPTOP-DJA05F95 with PID 22164 (D:\‰∏âÊúü\Êñ∞‰∏âÊúü\0404\springboot\target\classes started by hp in D:\‰∏âÊúü\Êñ∞‰∏âÊúü\0404\springboot)
2021-04-24 15:50:16.629  INFO 22164 --- [restartedMain] c.y.s.springboot.SpringbootApplication   : No active profile set, falling back to default profiles: default
2021-04-24 15:50:17.670  INFO 22164 --- [restartedMain] c.y.s.springboot.SpringbootApplication   : Started SpringbootApplication in 1.418 seconds (JVM running for 2.412)
2021-04-24 15:50:20.273  INFO 22164 --- [http-nio-8080-exec-1] com.yc.spring.springboot.Hello           : ********info*********
2021-04-24 15:50:20.273 ERROR 22164 --- [http-nio-8080-exec-1] com.yc.spring.springboot.Hello           : ********error*********
2021-04-24 15:50:20.273 ERROR 22164 --- [http-nio-8080-exec-1] com.yc.spring.springboot.Hello           : ********fatal*********
2021-04-24 15:50:20.273  INFO 22164 --- [http-nio-8080-exec-1] com.yc.spring.springboot.Hello           : Á≥ªÁªüÁéØÂ¢ÉÂèòÈáè‰ø°ÊÅØÂ¶Ç‰∏ãÔºöStandardServletEnvironment {activeProfiles=[], defaultProfiles=[default], propertySources=[MapPropertySource {name='server.ports'}, ConfigurationPropertySourcesPropertySource {name='configurationProperties'}, StubPropertySource {name='servletConfigInitParams'}, ServletContextPropertySource {name='servletContextInitParams'}, PropertiesPropertySource {name='systemProperties'}, OriginAwareSystemEnvironmentPropertySource {name='systemEnvironment'}, RandomValuePropertySource {name='random'}, OriginTrackedMapPropertySource {name='Config resource 'class path resource [application.yml]' via location 'optional:classpath:/''}, MapPropertySource {name='devtools'}]}
2021-04-24 15:50:20.273  INFO 22164 --- [http-nio-8080-exec-1] com.yc.spring.springboot.Hello           : Áî®Êà∑Ë∑ØÂæÑÔºöC:\Users\hp
2021-04-24 15:50:20.273  INFO 22164 --- [http-nio-8080-exec-1] com.yc.spring.springboot.Hello           : C:\Program Files\Java\jdk1.8.0_221
2021-04-24 15:50:20.274  INFO 22164 --- [http-nio-8080-exec-1] com.yc.spring.springboot.Hello           : yc.tnameÔºözy
2021-04-24 15:50:28.980  INFO 22164 --- [http-nio-8080-exec-2] com.yc.spring.springboot.Hello           : ********info*********
2021-04-24 15:50:28.980 ERROR 22164 --- [http-nio-8080-exec-2] com.yc.spring.springboot.Hello           : ********error*********
2021-04-24 15:50:28.980 ERROR 22164 --- [http-nio-8080-exec-2] com.yc.spring.springboot.Hello           : ********fatal*********
2021-04-24 15:50:28.980  INFO 22164 --- [http-nio-8080-exec-2] com.yc.spring.springboot.Hello           : Á≥ªÁªüÁéØÂ¢ÉÂèòÈáè‰ø°ÊÅØÂ¶Ç‰∏ãÔºöStandardServletEnvironment {activeProfiles=[], defaultProfiles=[default], propertySources=[MapPropertySource {name='server.ports'}, ConfigurationPropertySourcesPropertySource {name='configurationProperties'}, StubPropertySource {name='servletConfigInitParams'}, ServletContextPropertySource {name='servletContextInitParams'}, PropertiesPropertySource {name='systemProperties'}, OriginAwareSystemEnvironmentPropertySource {name='systemEnvironment'}, RandomValuePropertySource {name='random'}, OriginTrackedMapPropertySource {name='Config resource 'class path resource [application.yml]' via location 'optional:classpath:/''}, MapPropertySource {name='devtools'}]}
2021-04-24 15:50:28.980  INFO 22164 --- [http-nio-8080-exec-2] com.yc.spring.springboot.Hello           : Áî®Êà∑Ë∑ØÂæÑÔºöC:\Users\hp
2021-04-24 15:50:28.980  INFO 22164 --- [http-nio-8080-exec-2] com.yc.spring.springboot.Hello           : C:\Program Files\Java\jdk1.8.0_221
2021-04-24 15:50:28.980  INFO 22164 --- [http-nio-8080-exec-2] com.yc.spring.springboot.Hello           : yc.tnameÔºözy
2021-04-24 15:50:31.896  INFO 22164 --- [restartedMain] c.y.s.springboot.SpringbootApplication   : Starting SpringbootApplication using Java 1.8.0_221 on LAPTOP-DJA05F95 with PID 22164 (D:\‰∏âÊúü\Êñ∞‰∏âÊúü\0404\springboot\target\classes started by hp in D:\‰∏âÊúü\Êñ∞‰∏âÊúü\0404\springboot)
2021-04-24 15:50:31.897  INFO 22164 --- [restartedMain] c.y.s.springboot.SpringbootApplication   : No active profile set, falling back to default profiles: default
2021-04-24 15:50:32.082  INFO 22164 --- [restartedMain] c.y.s.springboot.SpringbootApplication   : Started SpringbootApplication in 0.207 seconds (JVM running for 16.825)
2021-04-24 15:50:32.401  INFO 22164 --- [http-nio-8080-exec-1] com.yc.spring.springboot.Hello           : ********info*********
2021-04-24 15:50:32.402 ERROR 22164 --- [http-nio-8080-exec-1] com.yc.spring.springboot.Hello           : ********error*********
2021-04-24 15:50:32.402 ERROR 22164 --- [http-nio-8080-exec-1] com.yc.spring.springboot.Hello           : ********fatal*********
2021-04-24 15:50:32.402  INFO 22164 --- [http-nio-8080-exec-1] com.yc.spring.springboot.Hello           : Á≥ªÁªüÁéØÂ¢ÉÂèòÈáè‰ø°ÊÅØÂ¶Ç‰∏ãÔºöStandardServletEnvironment {activeProfiles=[], defaultProfiles=[default], propertySources=[MapPropertySource {name='server.ports'}, ConfigurationPropertySourcesPropertySource {name='configurationProperties'}, StubPropertySource {name='servletConfigInitParams'}, ServletContextPropertySource {name='servletContextInitParams'}, PropertiesPropertySource {name='systemProperties'}, OriginAwareSystemEnvironmentPropertySource {name='systemEnvironment'}, RandomValuePropertySource {name='random'}, OriginTrackedMapPropertySource {name='Config resource 'class path resource [application.yml]' via location 'optional:classpath:/''}, MapPropertySource {name='devtools'}]}
2021-04-24 15:50:32.402  INFO 22164 --- [http-nio-8080-exec-1] com.yc.spring.springboot.Hello           : Áî®Êà∑Ë∑ØÂæÑÔºöC:\Users\hp
2021-04-24 15:50:32.402  INFO 22164 --- [http-nio-8080-exec-1] com.yc.spring.springboot.Hello           : C:\Program Files\Java\jdk1.8.0_221
2021-04-24 15:50:32.402  INFO 22164 --- [http-nio-8080-exec-1] com.yc.spring.springboot.Hello           : yc.tnameÔºözy
2021-04-24 15:51:05.707  INFO 22164 --- [restartedMain] c.y.s.springboot.SpringbootApplication   : Starting SpringbootApplication using Java 1.8.0_221 on LAPTOP-DJA05F95 with PID 22164 (D:\‰∏âÊúü\Êñ∞‰∏âÊúü\0404\springboot\target\classes started by hp in D:\‰∏âÊúü\Êñ∞‰∏âÊúü\0404\springboot)
2021-04-24 15:51:05.707  INFO 22164 --- [restartedMain] c.y.s.springboot.SpringbootApplication   : No active profile set, falling back to default profiles: default
2021-04-24 15:51:05.872  INFO 22164 --- [restartedMain] c.y.s.springboot.SpringbootApplication   : Started SpringbootApplication in 0.192 seconds (JVM running for 50.615)
2021-04-24 15:51:29.330  INFO 22164 --- [restartedMain] c.y.s.springboot.SpringbootApplication   : Starting SpringbootApplication using Java 1.8.0_221 on LAPTOP-DJA05F95 with PID 22164 (D:\‰∏âÊúü\Êñ∞‰∏âÊúü\0404\springboot\target\classes started by hp in D:\‰∏âÊúü\Êñ∞‰∏âÊúü\0404\springboot)
2021-04-24 15:51:29.331  INFO 22164 --- [restartedMain] c.y.s.springboot.SpringbootApplication   : No active profile set, falling back to default profiles: default
2021-04-24 15:51:29.483  INFO 22164 --- [restartedMain] c.y.s.springboot.SpringbootApplication   : Started SpringbootApplication in 0.17 seconds (JVM running for 74.225)
2021-04-24 15:52:13.637  INFO 4272 --- [restartedMain] c.y.s.springboot.SpringbootApplication   : Starting SpringbootApplication using Java 1.8.0_221 on LAPTOP-DJA05F95 with PID 4272 (D:\‰∏âÊúü\Êñ∞‰∏âÊúü\0404\springboot\target\classes started by hp in D:\‰∏âÊúü\Êñ∞‰∏âÊúü\0404\springboot)
2021-04-24 15:52:13.640  INFO 4272 --- [restartedMain] c.y.s.springboot.SpringbootApplication   : No active profile set, falling back to default profiles: default
2021-04-24 15:52:14.576  INFO 4272 --- [restartedMain] c.y.s.springboot.SpringbootApplication   : Started SpringbootApplication in 1.296 seconds (JVM running for 2.327)
2021-04-24 15:54:08.565  INFO 4272 --- [restartedMain] c.y.s.springboot.SpringbootApplication   : Starting SpringbootApplication using Java 1.8.0_221 on LAPTOP-DJA05F95 with PID 4272 (D:\‰∏âÊúü\Êñ∞‰∏âÊúü\0404\springboot\target\classes started by hp in D:\‰∏âÊúü\Êñ∞‰∏âÊúü\0404\springboot)
2021-04-24 15:54:08.565  INFO 4272 --- [restartedMain] c.y.s.springboot.SpringbootApplication   : No active profile set, falling back to default profiles: default
2021-04-24 15:54:08.788  INFO 4272 --- [restartedMain] c.y.s.springboot.SpringbootApplication   : Started SpringbootApplication in 0.252 seconds (JVM running for 116.54)
2021-04-24 15:55:24.160  INFO 4272 --- [restartedMain] c.y.s.springboot.SpringbootApplication   : Starting SpringbootApplication using Java 1.8.0_221 on LAPTOP-DJA05F95 with PID 4272 (D:\‰∏âÊúü\Êñ∞‰∏âÊúü\0404\springboot\target\classes started by hp in D:\‰∏âÊúü\Êñ∞‰∏âÊúü\0404\springboot)
2021-04-24 15:55:24.160  INFO 4272 --- [restartedMain] c.y.s.springboot.SpringbootApplication   : No active profile set, falling back to default profiles: default
2021-04-24 15:55:24.348  INFO 4272 --- [restartedMain] c.y.s.springboot.SpringbootApplication   : Started SpringbootApplication in 0.209 seconds (JVM running for 192.099)
2021-04-24 15:56:20.226  INFO 4272 --- [restartedMain] c.y.s.springboot.SpringbootApplication   : Starting SpringbootApplication using Java 1.8.0_221 on LAPTOP-DJA05F95 with PID 4272 (D:\‰∏âÊúü\Êñ∞‰∏âÊúü\0404\springboot\target\classes started by hp in D:\‰∏âÊúü\Êñ∞‰∏âÊúü\0404\springboot)
2021-04-24 15:56:20.227  INFO 4272 --- [restartedMain] c.y.s.springboot.SpringbootApplication   : No active profile set, falling back to default profiles: default
2021-04-24 15:56:20.390  INFO 4272 --- [restartedMain] c.y.s.springboot.SpringbootApplication   : Started SpringbootApplication in 0.183 seconds (JVM running for 248.142)
2021-04-24 15:57:06.217  INFO 4272 --- [restartedMain] c.y.s.springboot.SpringbootApplication   : Starting SpringbootApplication using Java 1.8.0_221 on LAPTOP-DJA05F95 with PID 4272 (D:\‰∏âÊúü\Êñ∞‰∏âÊúü\0404\springboot\target\classes started by hp in D:\‰∏âÊúü\Êñ∞‰∏âÊúü\0404\springboot)
2021-04-24 15:57:06.217  INFO 4272 --- [restartedMain] c.y.s.springboot.SpringbootApplication   : No active profile set, falling back to default profiles: default
2021-04-24 15:57:06.378  INFO 4272 --- [restartedMain] c.y.s.springboot.SpringbootApplication   : Started SpringbootApplication in 0.178 seconds (JVM running for 294.13)
2021-04-24 15:58:09.296  INFO 4272 --- [restartedMain] c.y.s.springboot.SpringbootApplication   : Starting SpringbootApplication using Java 1.8.0_221 on LAPTOP-DJA05F95 with PID 4272 (D:\‰∏âÊúü\Êñ∞‰∏âÊúü\0404\springboot\target\classes started by hp in D:\‰∏âÊúü\Êñ∞‰∏âÊúü\0404\springboot)
2021-04-24 15:58:09.296  INFO 4272 --- [restartedMain] c.y.s.springboot.SpringbootApplication   : No active profile set, falling back to default profiles: default
2021-04-24 15:58:09.446  INFO 4272 --- [restartedMain] c.y.s.springboot.SpringbootApplication   : Started SpringbootApplication in 0.167 seconds (JVM running for 357.198)
2021-04-24 15:58:20.447  INFO 21672 --- [restartedMain] c.y.s.springboot.SpringbootApplication   : Starting SpringbootApplication using Java 1.8.0_221 on LAPTOP-DJA05F95 with PID 21672 (D:\‰∏âÊúü\Êñ∞‰∏âÊúü\0404\springboot\target\classes started by hp in D:\‰∏âÊúü\Êñ∞‰∏âÊúü\0404\springboot)
2021-04-24 15:58:20.450  INFO 21672 --- [restartedMain] c.y.s.springboot.SpringbootApplication   : No active profile set, falling back to default profiles: default
2021-04-24 15:58:21.484  INFO 21672 --- [restartedMain] c.y.s.springboot.SpringbootApplication   : Started SpringbootApplication in 1.378 seconds (JVM running for 2.371)
2021-04-24 15:58:27.821  INFO 21672 --- [http-nio-8080-exec-1] com.yc.spring.springboot.Hello           : ********info*********
2021-04-24 15:58:27.821 ERROR 21672 --- [http-nio-8080-exec-1] com.yc.spring.springboot.Hello           : ********error*********
2021-04-24 15:58:27.821 ERROR 21672 --- [http-nio-8080-exec-1] com.yc.spring.springboot.Hello           : ********fatal*********
2021-04-24 15:58:27.821  INFO 21672 --- [http-nio-8080-exec-1] com.yc.spring.springboot.Hello           : Á≥ªÁªüÁéØÂ¢ÉÂèòÈáè‰ø°ÊÅØÂ¶Ç‰∏ãÔºöStandardServletEnvironment {activeProfiles=[], defaultProfiles=[default], propertySources=[MapPropertySource {name='server.ports'}, ConfigurationPropertySourcesPropertySource {name='configurationProperties'}, StubPropertySource {name='servletConfigInitParams'}, ServletContextPropertySource {name='servletContextInitParams'}, PropertiesPropertySource {name='systemProperties'}, OriginAwareSystemEnvironmentPropertySource {name='systemEnvironment'}, RandomValuePropertySource {name='random'}, OriginTrackedMapPropertySource {name='Config resource 'class path resource [application.yml]' via location 'optional:classpath:/''}, MapPropertySource {name='devtools'}]}
2021-04-24 15:58:27.821  INFO 21672 --- [http-nio-8080-exec-1] com.yc.spring.springboot.Hello           : Áî®Êà∑Ë∑ØÂæÑÔºöC:\Users\hp
2021-04-24 15:58:27.821  INFO 21672 --- [http-nio-8080-exec-1] com.yc.spring.springboot.Hello           : C:\Program Files\Java\jdk1.8.0_221
2021-04-24 15:58:27.821  INFO 21672 --- [http-nio-8080-exec-1] com.yc.spring.springboot.Hello           : yc.tnameÔºözy
2021-04-24 15:58:27.822  INFO 21672 --- [http-nio-8080-exec-1] com.yc.spring.springboot.Hello           : YcProperties‰∏≠ÁöÑÂ±ûÊÄßÔºözy	2
2021-04-24 16:00:27.615  INFO 21672 --- [restartedMain] c.y.s.springboot.SpringbootApplication   : Starting SpringbootApplication using Java 1.8.0_221 on LAPTOP-DJA05F95 with PID 21672 (D:\‰∏âÊúü\Êñ∞‰∏âÊúü\0404\springboot\target\classes started by hp in D:\‰∏âÊúü\Êñ∞‰∏âÊúü\0404\springboot)
2021-04-24 16:00:27.615  INFO 21672 --- [restartedMain] c.y.s.springboot.SpringbootApplication   : No active profile set, falling back to default profiles: default
2021-04-24 16:00:27.794  INFO 21672 --- [restartedMain] c.y.s.springboot.SpringbootApplication   : Started SpringbootApplication in 0.201 seconds (JVM running for 128.682)
2021-04-24 16:01:06.489  INFO 21672 --- [restartedMain] c.y.s.springboot.SpringbootApplication   : Starting SpringbootApplication using Java 1.8.0_221 on LAPTOP-DJA05F95 with PID 21672 (D:\‰∏âÊúü\Êñ∞‰∏âÊúü\0404\springboot\target\classes started by hp in D:\‰∏âÊúü\Êñ∞‰∏âÊúü\0404\springboot)
2021-04-24 16:01:06.490  INFO 21672 --- [restartedMain] c.y.s.springboot.SpringbootApplication   : No active profile set, falling back to default profiles: default
2021-04-24 16:01:06.686  INFO 21672 --- [restartedMain] c.y.s.springboot.SpringbootApplication   : Started SpringbootApplication in 0.218 seconds (JVM running for 167.574)
2021-04-24 16:01:48.780  INFO 21672 --- [restartedMain] c.y.s.springboot.SpringbootApplication   : Starting SpringbootApplication using Java 1.8.0_221 on LAPTOP-DJA05F95 with PID 21672 (D:\‰∏âÊúü\Êñ∞‰∏âÊúü\0404\springboot\target\classes started by hp in D:\‰∏âÊúü\Êñ∞‰∏âÊúü\0404\springboot)
2021-04-24 16:01:48.780  INFO 21672 --- [restartedMain] c.y.s.springboot.SpringbootApplication   : No active profile set, falling back to default profiles: default
2021-04-24 16:01:48.965  INFO 21672 --- [restartedMain] c.y.s.springboot.SpringbootApplication   : Started SpringbootApplication in 0.207 seconds (JVM running for 209.852)
2021-04-24 16:02:58.142  INFO 21672 --- [restartedMain] c.y.s.springboot.SpringbootApplication   : Starting SpringbootApplication using Java 1.8.0_221 on LAPTOP-DJA05F95 with PID 21672 (D:\‰∏âÊúü\Êñ∞‰∏âÊúü\0404\springboot\target\classes started by hp in D:\‰∏âÊúü\Êñ∞‰∏âÊúü\0404\springboot)
2021-04-24 16:02:58.143  INFO 21672 --- [restartedMain] c.y.s.springboot.SpringbootApplication   : No active profile set, falling back to default profiles: default
2021-04-24 16:02:58.298  INFO 21672 --- [restartedMain] c.y.s.springboot.SpringbootApplication   : Started SpringbootApplication in 0.172 seconds (JVM running for 279.186)
2021-04-24 16:03:09.475  INFO 21672 --- [http-nio-8080-exec-2] com.yc.spring.springboot.Hello           : ********info*********
2021-04-24 16:03:09.475 ERROR 21672 --- [http-nio-8080-exec-2] com.yc.spring.springboot.Hello           : ********error*********
2021-04-24 16:03:09.475 ERROR 21672 --- [http-nio-8080-exec-2] com.yc.spring.springboot.Hello           : ********fatal*********
2021-04-24 16:03:09.475  INFO 21672 --- [http-nio-8080-exec-2] com.yc.spring.springboot.Hello           : Á≥ªÁªüÁéØÂ¢ÉÂèòÈáè‰ø°ÊÅØÂ¶Ç‰∏ãÔºöStandardServletEnvironment {activeProfiles=[], defaultProfiles=[default], propertySources=[MapPropertySource {name='server.ports'}, ConfigurationPropertySourcesPropertySource {name='configurationProperties'}, StubPropertySource {name='servletConfigInitParams'}, ServletContextPropertySource {name='servletContextInitParams'}, PropertiesPropertySource {name='systemProperties'}, OriginAwareSystemEnvironmentPropertySource {name='systemEnvironment'}, RandomValuePropertySource {name='random'}, OriginTrackedMapPropertySource {name='Config resource 'class path resource [application.yml]' via location 'optional:classpath:/''}, MapPropertySource {name='devtools'}]}
2021-04-24 16:03:09.475  INFO 21672 --- [http-nio-8080-exec-2] com.yc.spring.springboot.Hello           : Áî®Êà∑Ë∑ØÂæÑÔºöC:\Users\hp
2021-04-24 16:03:09.476  INFO 21672 --- [http-nio-8080-exec-2] com.yc.spring.springboot.Hello           : C:\Program Files\Java\jdk1.8.0_221
2021-04-24 16:03:09.476  INFO 21672 --- [http-nio-8080-exec-2] com.yc.spring.springboot.Hello           : yc.tnameÔºözy
2021-04-24 16:03:09.476  INFO 21672 --- [http-nio-8080-exec-2] com.yc.spring.springboot.Hello           : YcProperties‰∏≠ÁöÑÂ±ûÊÄßÔºözy	2
2021-04-24 16:03:09.476  INFO 21672 --- [http-nio-8080-exec-2] com.yc.spring.springboot.Hello           : YcProperties‰∏≠ÁöÑÂ±ûÊÄßÔºözy	2
2021-04-24 16:03:09.476  INFO 21672 --- [http-nio-8080-exec-2] com.yc.spring.springboot.Hello           : env‰∏≠ÊòØÂê¶‰πüÂèØ‰ª•ÊãøÂà∞Âë¢Ôºüzy	2
2021-04-24 16:35:00.034  INFO 22168 --- [restartedMain] c.y.s.springboot.SpringbootApplication   : Starting SpringbootApplication using Java 1.8.0_221 on LAPTOP-DJA05F95 with PID 22168 (D:\‰∏âÊúü\Êñ∞‰∏âÊúü\0404\springboot\target\classes started by hp in D:\‰∏âÊúü\Êñ∞‰∏âÊúü\0404\springboot)
2021-04-24 16:35:00.036  INFO 22168 --- [restartedMain] c.y.s.springboot.SpringbootApplication   : No active profile set, falling back to default profiles: default
2021-04-24 16:35:01.083  INFO 22168 --- [restartedMain] c.y.s.springboot.SpringbootApplication   : Started SpringbootApplication in 1.386 seconds (JVM running for 2.341)
2021-04-24 17:20:17.213  INFO 13476 --- [main] c.y.s.s.SpringbootApplicationTests       : Starting SpringbootApplicationTests using Java 1.8.0_221 on LAPTOP-DJA05F95 with PID 13476 (started by hp in D:\»˝∆⁄\–¬»˝∆⁄\0404\springboot)
2021-04-24 17:20:17.216  INFO 13476 --- [main] c.y.s.s.SpringbootApplicationTests       : No active profile set, falling back to default profiles: default
2021-04-24 17:20:18.316  INFO 13476 --- [main] c.y.s.s.SpringbootApplicationTests       : Started SpringbootApplicationTests in 1.379 seconds (JVM running for 2.186)
2021-04-24 17:27:42.474  INFO 14284 --- [restartedMain] c.y.s.springboot.SpringbootApplication   : Starting SpringbootApplication using Java 1.8.0_221 on LAPTOP-DJA05F95 with PID 14284 (D:\‰∏âÊúü\Êñ∞‰∏âÊúü\0404\springboot\target\classes started by hp in D:\‰∏âÊúü\Êñ∞‰∏âÊúü\0404\springboot)
2021-04-24 17:27:42.477  INFO 14284 --- [restartedMain] c.y.s.springboot.SpringbootApplication   : No active profile set, falling back to default profiles: default
2021-04-24 17:27:43.558  INFO 14284 --- [restartedMain] c.y.s.springboot.SpringbootApplication   : Started SpringbootApplication in 1.414 seconds (JVM running for 2.412)
