2021-05-04 18:42:42.578  INFO 19128 --- [main] c.y.h.f.FoodstoreApplicationTests        : Starting FoodstoreApplicationTests using Java 1.8.0_221 on LAPTOP-DJA05F95 with PID 19128 (started by hp in D:\三期\新三期\0404\springboot\foodstore)
2021-05-04 18:42:42.591  INFO 19128 --- [main] c.y.h.f.FoodstoreApplicationTests        : No active profile set, falling back to default profiles: default
2021-05-04 18:42:49.804  WARN 19128 --- [main] JpaBaseConfiguration$JpaWebConfiguration : spring.jpa.open-in-view is enabled by default. Therefore, database queries may be performed during view rendering. Explicitly configure spring.jpa.open-in-view to disable this warning
2021-05-04 18:42:52.138  INFO 19128 --- [main] c.y.h.f.FoodstoreApplicationTests        : Started FoodstoreApplicationTests in 10.268 seconds (JVM running for 12.315)
2021-05-04 18:43:36.711  INFO 10532 --- [main] c.y.h.f.FoodstoreApplicationTests        : Starting FoodstoreApplicationTests using Java 1.8.0_221 on LAPTOP-DJA05F95 with PID 10532 (started by hp in D:\三期\新三期\0404\springboot\foodstore)
2021-05-04 18:43:36.716  INFO 10532 --- [main] c.y.h.f.FoodstoreApplicationTests        : No active profile set, falling back to default profiles: default
2021-05-04 18:43:43.177  WARN 10532 --- [main] JpaBaseConfiguration$JpaWebConfiguration : spring.jpa.open-in-view is enabled by default. Therefore, database queries may be performed during view rendering. Explicitly configure spring.jpa.open-in-view to disable this warning
2021-05-04 18:43:45.359  INFO 10532 --- [main] c.y.h.f.FoodstoreApplicationTests        : Started FoodstoreApplicationTests in 9.218 seconds (JVM running for 10.802)
2021-05-04 18:51:06.153  INFO 14820 --- [main] c.y.h.f.FoodstoreApplicationTests        : Starting FoodstoreApplicationTests using Java 1.8.0_221 on LAPTOP-DJA05F95 with PID 14820 (started by hp in D:\三期\新三期\0404\springboot\foodstore)
2021-05-04 18:51:06.156  INFO 14820 --- [main] c.y.h.f.FoodstoreApplicationTests        : No active profile set, falling back to default profiles: default
2021-05-04 18:51:11.314  WARN 14820 --- [main] JpaBaseConfiguration$JpaWebConfiguration : spring.jpa.open-in-view is enabled by default. Therefore, database queries may be performed during view rendering. Explicitly configure spring.jpa.open-in-view to disable this warning
2021-05-04 18:51:13.097  INFO 14820 --- [main] c.y.h.f.FoodstoreApplicationTests        : Started FoodstoreApplicationTests in 7.453 seconds (JVM running for 9.003)
2021-05-04 19:07:02.837  INFO 9020 --- [main] c.y.h.f.FoodstoreApplicationTests        : Starting FoodstoreApplicationTests using Java 1.8.0_221 on LAPTOP-DJA05F95 with PID 9020 (started by hp in D:\三期\新三期\0404\springboot\foodstore)
2021-05-04 19:07:02.841  INFO 9020 --- [main] c.y.h.f.FoodstoreApplicationTests        : No active profile set, falling back to default profiles: default
2021-05-04 19:07:09.408  WARN 9020 --- [main] JpaBaseConfiguration$JpaWebConfiguration : spring.jpa.open-in-view is enabled by default. Therefore, database queries may be performed during view rendering. Explicitly configure spring.jpa.open-in-view to disable this warning
2021-05-04 19:07:11.294  INFO 9020 --- [main] c.y.h.f.FoodstoreApplicationTests        : Started FoodstoreApplicationTests in 8.981 seconds (JVM running for 10.662)
2021-05-04 19:09:39.284  INFO 20188 --- [main] c.y.h.f.FoodstoreApplicationTests        : Starting FoodstoreApplicationTests using Java 1.8.0_221 on LAPTOP-DJA05F95 with PID 20188 (started by hp in D:\三期\新三期\0404\springboot\foodstore)
2021-05-04 19:09:39.288  INFO 20188 --- [main] c.y.h.f.FoodstoreApplicationTests        : No active profile set, falling back to default profiles: default
2021-05-04 19:09:45.656  WARN 20188 --- [main] JpaBaseConfiguration$JpaWebConfiguration : spring.jpa.open-in-view is enabled by default. Therefore, database queries may be performed during view rendering. Explicitly configure spring.jpa.open-in-view to disable this warning
2021-05-04 19:09:47.433  INFO 20188 --- [main] c.y.h.f.FoodstoreApplicationTests        : Started FoodstoreApplicationTests in 8.66 seconds (JVM running for 10.384)
2021-05-04 19:53:02.079  INFO 16780 --- [main] c.y.h.f.food.biz.ResFoodBizImplTest      : Starting ResFoodBizImplTest using Java 1.8.0_221 on LAPTOP-DJA05F95 with PID 16780 (started by hp in D:\三期\新三期\0404\springboot\foodstore)
2021-05-04 19:53:02.083  INFO 16780 --- [main] c.y.h.f.food.biz.ResFoodBizImplTest      : No active profile set, falling back to default profiles: default
2021-05-04 19:53:09.406  WARN 16780 --- [main] JpaBaseConfiguration$JpaWebConfiguration : spring.jpa.open-in-view is enabled by default. Therefore, database queries may be performed during view rendering. Explicitly configure spring.jpa.open-in-view to disable this warning
2021-05-04 19:53:10.954  INFO 16780 --- [main] c.y.h.f.food.biz.ResFoodBizImplTest      : Started ResFoodBizImplTest in 9.501 seconds (JVM running for 11.28)
2021-05-04 19:54:30.029  INFO 8004 --- [main] c.y.h.f.food.biz.ResFoodBizImplTest      : Starting ResFoodBizImplTest using Java 1.8.0_221 on LAPTOP-DJA05F95 with PID 8004 (started by hp in D:\三期\新三期\0404\springboot\foodstore)
2021-05-04 19:54:30.034  INFO 8004 --- [main] c.y.h.f.food.biz.ResFoodBizImplTest      : No active profile set, falling back to default profiles: default
2021-05-04 19:54:38.028  WARN 8004 --- [main] JpaBaseConfiguration$JpaWebConfiguration : spring.jpa.open-in-view is enabled by default. Therefore, database queries may be performed during view rendering. Explicitly configure spring.jpa.open-in-view to disable this warning
2021-05-04 19:54:41.207  INFO 8004 --- [main] c.y.h.f.food.biz.ResFoodBizImplTest      : Started ResFoodBizImplTest in 11.901 seconds (JVM running for 13.51)
2021-05-04 19:55:07.273  INFO 18192 --- [main] c.y.h.f.food.biz.ResFoodBizImplTest      : Starting ResFoodBizImplTest using Java 1.8.0_221 on LAPTOP-DJA05F95 with PID 18192 (started by hp in D:\三期\新三期\0404\springboot\foodstore)
2021-05-04 19:55:07.276  INFO 18192 --- [main] c.y.h.f.food.biz.ResFoodBizImplTest      : No active profile set, falling back to default profiles: default
2021-05-04 19:55:14.735  WARN 18192 --- [main] JpaBaseConfiguration$JpaWebConfiguration : spring.jpa.open-in-view is enabled by default. Therefore, database queries may be performed during view rendering. Explicitly configure spring.jpa.open-in-view to disable this warning
2021-05-04 19:55:16.317  INFO 18192 --- [main] c.y.h.f.food.biz.ResFoodBizImplTest      : Started ResFoodBizImplTest in 9.651 seconds (JVM running for 11.451)
2021-05-04 20:02:58.940  INFO 5996 --- [main] c.y.h.f.food.biz.ResuserBizImplTest      : Starting ResuserBizImplTest using Java 1.8.0_221 on LAPTOP-DJA05F95 with PID 5996 (started by hp in D:\三期\新三期\0404\springboot\foodstore)
2021-05-04 20:02:58.944  INFO 5996 --- [main] c.y.h.f.food.biz.ResuserBizImplTest      : No active profile set, falling back to default profiles: default
2021-05-04 20:03:07.060  WARN 5996 --- [main] JpaBaseConfiguration$JpaWebConfiguration : spring.jpa.open-in-view is enabled by default. Therefore, database queries may be performed during view rendering. Explicitly configure spring.jpa.open-in-view to disable this warning
2021-05-04 20:03:08.479  INFO 5996 --- [main] c.y.h.f.food.biz.ResuserBizImplTest      : Started ResuserBizImplTest in 10.081 seconds (JVM running for 11.736)
2021-05-04 20:32:48.890  INFO 844 --- [main] c.y.h.f.food.biz.ResorderBizImplTest     : Starting ResorderBizImplTest using Java 1.8.0_221 on LAPTOP-DJA05F95 with PID 844 (started by hp in D:\三期\新三期\0404\springboot\foodstore)
2021-05-04 20:32:48.895  INFO 844 --- [main] c.y.h.f.food.biz.ResorderBizImplTest     : No active profile set, falling back to default profiles: default
2021-05-04 20:32:57.941  WARN 844 --- [main] JpaBaseConfiguration$JpaWebConfiguration : spring.jpa.open-in-view is enabled by default. Therefore, database queries may be performed during view rendering. Explicitly configure spring.jpa.open-in-view to disable this warning
2021-05-04 20:33:00.956  INFO 844 --- [main] c.y.h.f.food.biz.ResorderBizImplTest     : Started ResorderBizImplTest in 12.733 seconds (JVM running for 14.554)
2021-05-04 20:35:27.139  INFO 16416 --- [main] c.y.h.f.food.biz.ResorderBizImplTest     : Starting ResorderBizImplTest using Java 1.8.0_221 on LAPTOP-DJA05F95 with PID 16416 (started by hp in D:\三期\新三期\0404\springboot\foodstore)
2021-05-04 20:35:27.144  INFO 16416 --- [main] c.y.h.f.food.biz.ResorderBizImplTest     : No active profile set, falling back to default profiles: default
2021-05-04 20:35:33.877  WARN 16416 --- [main] JpaBaseConfiguration$JpaWebConfiguration : spring.jpa.open-in-view is enabled by default. Therefore, database queries may be performed during view rendering. Explicitly configure spring.jpa.open-in-view to disable this warning
2021-05-04 20:35:35.493  INFO 16416 --- [main] c.y.h.f.food.biz.ResorderBizImplTest     : Started ResorderBizImplTest in 8.93 seconds (JVM running for 10.681)
2021-05-04 20:39:53.035  INFO 11124 --- [main] c.y.h.f.food.biz.ResorderBizImplTest     : Starting ResorderBizImplTest using Java 1.8.0_221 on LAPTOP-DJA05F95 with PID 11124 (started by hp in D:\三期\新三期\0404\springboot\foodstore)
2021-05-04 20:39:53.039  INFO 11124 --- [main] c.y.h.f.food.biz.ResorderBizImplTest     : No active profile set, falling back to default profiles: default
2021-05-04 20:40:03.522  WARN 11124 --- [main] JpaBaseConfiguration$JpaWebConfiguration : spring.jpa.open-in-view is enabled by default. Therefore, database queries may be performed during view rendering. Explicitly configure spring.jpa.open-in-view to disable this warning
2021-05-04 20:40:06.260  INFO 11124 --- [main] c.y.h.f.food.biz.ResorderBizImplTest     : Started ResorderBizImplTest in 13.78 seconds (JVM running for 15.439)
